0 verbose cli C:\Program Files\nodejs\node.exe C:\Users\Mithat Kara\AppData\Roaming\npm\node_modules\npm\bin\npm-cli.js
1 info using npm@8.6.0
2 info using node@v16.13.1
3 timing npm:load:whichnode Completed in 0ms
4 timing config:load:defaults Completed in 2ms
5 timing config:load:file:C:\Users\Mithat Kara\AppData\Roaming\npm\node_modules\npm\npmrc Completed in 2ms
6 timing config:load:builtin Completed in 2ms
7 timing config:load:cli Completed in 1ms
8 timing config:load:env Completed in 1ms
9 timing config:load:file:C:\Users\Mithat Kara\OneDrive\Masaüstü\React-Projeler\e-commerce\.npmrc Completed in 1ms
10 timing config:load:project Completed in 2ms
11 timing config:load:file:C:\Users\Mithat Kara\.npmrc Completed in 0ms
12 timing config:load:user Completed in 0ms
13 timing config:load:file:C:\Users\Mithat Kara\AppData\Roaming\npm\etc\npmrc Completed in 1ms
14 timing config:load:global Completed in 1ms
15 timing config:load:validate Completed in 0ms
16 timing config:load:credentials Completed in 1ms
17 timing config:load:setEnvs Completed in 0ms
18 timing config:load Completed in 11ms
19 timing npm:load:configload Completed in 11ms
20 timing npm:load:mkdirpcache Completed in 0ms
21 timing npm:load:mkdirplogs Completed in 1ms
22 verbose title npm install @mui/material @emotion/react @emotion/styled
23 verbose argv "install" "@mui/material" "@emotion/react" "@emotion/styled"
24 timing npm:load:setTitle Completed in 1ms
25 timing config:load:flatten Completed in 1ms
26 timing npm:load:display Completed in 2ms
27 verbose logfile logs-max:10 dir:C:\Users\Mithat Kara\OneDrive\Masaüstü\React-Projeler\e-commerce\_logs
28 verbose logfile C:\Users\Mithat Kara\OneDrive\Masaüstü\React-Projeler\e-commerce\_logs\2022-04-09T10_01_27_768Z-debug-0.log
29 timing npm:load:logFile Completed in 5ms
30 timing npm:load:timers Completed in 0ms
31 timing npm:load:configScope Completed in 0ms
32 timing npm:load Completed in 22ms
33 timing arborist:ctor Completed in 1ms
34 silly logfile done cleaning log files
35 timing idealTree:init Completed in 482ms
36 timing idealTree:userRequests Completed in 3ms
37 silly idealTree buildDeps
38 silly fetch manifest @mui/material@*
39 timing arborist:ctor Completed in 0ms
40 http fetch GET 200 https://registry.npmjs.org/@mui%2fmaterial 670ms (cache miss)
41 silly fetch manifest @emotion/react@*
42 http fetch GET 200 https://registry.npmjs.org/@emotion%2freact 172ms (cache miss)
43 silly fetch manifest @babel/core@^7.0.0
44 http fetch GET 200 https://registry.npmjs.org/@babel%2fcore 126ms (cache miss)
45 silly fetch manifest react@^18.0.0
46 http fetch GET 200 https://registry.npmjs.org/react 73ms (cache revalidated)
47 silly fetch manifest @emotion/styled@*
48 http fetch GET 200 https://registry.npmjs.org/@emotion%2fstyled 141ms (cache miss)
49 silly fetch manifest @types/react@^16.8.6 || ^17.0.0 || ^18.0.0
50 http fetch GET 200 https://registry.npmjs.org/@types%2freact 168ms (cache miss)
51 silly fetch manifest react-dom@^18.0.0
52 http fetch GET 200 https://registry.npmjs.org/react-dom 69ms (cache revalidated)
53 silly placeDep ROOT @emotion/react@11.9.0 OK for: e-commerce@0.1.0 want: *
54 silly placeDep ROOT @emotion/styled@11.8.1 OK for: e-commerce@0.1.0 want: *
55 silly placeDep ROOT @mui/material@5.6.0 OK for: e-commerce@0.1.0 want: *
56 silly fetch manifest @emotion/babel-plugin@^11.7.1
57 silly fetch manifest @emotion/cache@^11.7.1
58 silly fetch manifest @emotion/serialize@^1.0.3
59 silly fetch manifest @emotion/utils@^1.1.0
60 silly fetch manifest @emotion/weak-memoize@^0.2.5
61 silly fetch manifest @emotion/serialize@^1.0.2
62 silly fetch manifest @mui/base@5.0.0-alpha.75
63 silly fetch manifest @mui/system@^5.6.0
64 silly fetch manifest @mui/types@^7.1.3
65 silly fetch manifest @mui/utils@^5.6.0
66 silly fetch manifest @types/react-transition-group@^4.4.4
67 silly fetch manifest clsx@^1.1.1
68 silly fetch manifest react-transition-group@^4.4.2
69 http fetch GET 200 https://registry.npmjs.org/clsx 161ms (cache miss)
70 http fetch GET 200 https://registry.npmjs.org/react-transition-group 171ms (cache miss)
71 http fetch GET 200 https://registry.npmjs.org/@emotion%2fweak-memoize 188ms (cache miss)
72 http fetch GET 200 https://registry.npmjs.org/@mui%2fbase 211ms (cache miss)
73 http fetch GET 200 https://registry.npmjs.org/@mui%2futils 212ms (cache miss)
74 http fetch GET 200 https://registry.npmjs.org/@mui%2ftypes 218ms (cache miss)
75 http fetch GET 200 https://registry.npmjs.org/@emotion%2fcache 221ms (cache miss)
76 http fetch GET 200 https://registry.npmjs.org/@emotion%2fserialize 226ms (cache miss)
77 http fetch GET 200 https://registry.npmjs.org/@types%2freact-transition-group 291ms (cache miss)
78 http fetch GET 200 https://registry.npmjs.org/@emotion%2futils 298ms (cache miss)
79 http fetch GET 200 https://registry.npmjs.org/@mui%2fsystem 382ms (cache miss)
80 http fetch GET 200 https://registry.npmjs.org/@emotion%2fbabel-plugin 1560ms (cache miss)
81 timing idealTree:#root Completed in 3006ms
82 silly placeDep ROOT @emotion/babel-plugin@11.7.2 OK for: @emotion/react@11.9.0 want: ^11.7.1
83 silly placeDep ROOT @emotion/cache@11.7.1 OK for: @emotion/react@11.9.0 want: ^11.7.1
84 silly placeDep ROOT @emotion/serialize@1.0.3 OK for: @emotion/react@11.9.0 want: ^1.0.3
85 silly placeDep ROOT @emotion/utils@1.1.0 OK for: @emotion/react@11.9.0 want: ^1.1.0
86 silly placeDep ROOT @emotion/weak-memoize@0.2.5 OK for: @emotion/react@11.9.0 want: ^0.2.5
87 silly fetch manifest @emotion/hash@^0.8.0
88 silly fetch manifest babel-plugin-macros@^2.6.1
89 silly fetch manifest escape-string-regexp@^4.0.0
90 silly fetch manifest find-root@^1.1.0
91 silly fetch manifest stylis@4.0.13
92 silly fetch manifest @emotion/sheet@^1.1.0
93 http fetch GET 200 https://registry.npmjs.org/babel-plugin-macros 60ms (cache miss)
94 http fetch GET 200 https://registry.npmjs.org/find-root 70ms (cache miss)
95 http fetch GET 200 https://registry.npmjs.org/escape-string-regexp 77ms (cache miss)
96 http fetch GET 200 https://registry.npmjs.org/stylis 86ms (cache miss)
97 http fetch GET 200 https://registry.npmjs.org/@emotion%2fhash 93ms (cache miss)
98 http fetch GET 200 https://registry.npmjs.org/@emotion%2fsheet 103ms (cache miss)
99 timing idealTree:node_modules/@emotion/react Completed in 110ms
100 silly placeDep ROOT @emotion/hash@0.8.0 OK for: @emotion/babel-plugin@11.7.2 want: ^0.8.0
101 silly placeDep node_modules/@emotion/babel-plugin babel-plugin-macros@2.8.0 OK for: @emotion/babel-plugin@11.7.2 want: ^2.6.1
102 silly placeDep node_modules/@emotion/babel-plugin escape-string-regexp@4.0.0 OK for: @emotion/babel-plugin@11.7.2 want: ^4.0.0
103 silly placeDep ROOT find-root@1.1.0 OK for: @emotion/babel-plugin@11.7.2 want: ^1.1.0
104 silly placeDep ROOT stylis@4.0.13 OK for: @emotion/babel-plugin@11.7.2 want: 4.0.13
105 silly fetch manifest cosmiconfig@^6.0.0
106 http fetch GET 200 https://registry.npmjs.org/cosmiconfig 77ms (cache miss)
107 timing idealTree:node_modules/@emotion/babel-plugin Completed in 83ms
108 silly placeDep ROOT @emotion/sheet@1.1.0 OK for: @emotion/cache@11.7.1 want: ^1.1.0
109 timing idealTree:node_modules/@emotion/cache Completed in 1ms
110 timing idealTree:node_modules/@emotion/hash Completed in 0ms
111 timing idealTree:node_modules/@emotion/serialize Completed in 0ms
112 timing idealTree:node_modules/@emotion/sheet Completed in 0ms
113 timing idealTree:node_modules/@emotion/styled Completed in 1ms
114 timing idealTree:node_modules/@emotion/utils Completed in 0ms
115 timing idealTree:node_modules/@emotion/weak-memoize Completed in 0ms
116 silly fetch manifest react@^17.0.0 || ^18.0.0
117 silly fetch manifest react-dom@^17.0.0 || ^18.0.0
118 silly fetch manifest @emotion/react@^11.5.0
119 silly fetch manifest @emotion/styled@^11.3.0
120 silly placeDep ROOT @mui/base@5.0.0-alpha.75 OK for: @mui/material@5.6.0 want: 5.0.0-alpha.75
121 silly placeDep ROOT @mui/system@5.6.0 OK for: @mui/material@5.6.0 want: ^5.6.0
122 silly placeDep ROOT @mui/types@7.1.3 OK for: @mui/material@5.6.0 want: ^7.1.3
123 silly placeDep ROOT @mui/utils@5.6.0 OK for: @mui/material@5.6.0 want: ^5.6.0
124 silly placeDep ROOT @types/react-transition-group@4.4.4 OK for: @mui/material@5.6.0 want: ^4.4.4
125 silly placeDep ROOT clsx@1.1.1 OK for: @mui/material@5.6.0 want: ^1.1.1
126 silly placeDep ROOT react-transition-group@4.4.2 OK for: @mui/material@5.6.0 want: ^4.4.2
127 silly fetch manifest @popperjs/core@^2.11.4
128 silly fetch manifest @mui/private-theming@^5.6.0
129 silly fetch manifest @mui/styled-engine@^5.6.0
130 silly fetch manifest @types/react-is@^16.7.1 || ^17.0.0
131 silly fetch manifest dom-helpers@^5.0.1
132 http fetch GET 200 https://registry.npmjs.org/dom-helpers 58ms (cache miss)
133 http fetch GET 200 https://registry.npmjs.org/@mui%2fprivate-theming 130ms (cache miss)
134 http fetch GET 200 https://registry.npmjs.org/@popperjs%2fcore 131ms (cache miss)
135 http fetch GET 200 https://registry.npmjs.org/@mui%2fstyled-engine 174ms (cache miss)
136 http fetch GET 200 https://registry.npmjs.org/@types%2freact-is 327ms (cache miss)
137 timing idealTree:node_modules/@mui/material Completed in 340ms
138 silly placeDep ROOT @popperjs/core@2.11.5 OK for: @mui/base@5.0.0-alpha.75 want: ^2.11.4
139 timing idealTree:node_modules/@mui/base Completed in 1ms
140 silly placeDep ROOT @mui/private-theming@5.6.0 OK for: @mui/system@5.6.0 want: ^5.6.0
141 silly placeDep ROOT @mui/styled-engine@5.6.0 OK for: @mui/system@5.6.0 want: ^5.6.0
142 timing idealTree:node_modules/@mui/system Completed in 4ms
143 timing idealTree:node_modules/@mui/private-theming Completed in 0ms
144 timing idealTree:node_modules/@mui/styled-engine Completed in 0ms
145 timing idealTree:node_modules/@mui/types Completed in 0ms
146 silly placeDep ROOT @types/react-is@17.0.3 OK for: @mui/utils@5.6.0 want: ^16.7.1 || ^17.0.0
147 timing idealTree:node_modules/@mui/utils Completed in 1ms
148 timing idealTree:node_modules/@popperjs/core Completed in 0ms
149 timing idealTree:node_modules/@types/react-is Completed in 0ms
150 timing idealTree:node_modules/@types/react-transition-group Completed in 0ms
151 timing idealTree:node_modules/clsx Completed in 0ms
152 timing idealTree:node_modules/find-root Completed in 0ms
153 silly placeDep ROOT dom-helpers@5.2.1 OK for: react-transition-group@4.4.2 want: ^5.0.1
154 timing idealTree:node_modules/react-transition-group Completed in 1ms
155 timing idealTree:node_modules/dom-helpers Completed in 0ms
156 timing idealTree:node_modules/stylis Completed in 0ms
157 silly placeDep node_modules/@emotion/babel-plugin cosmiconfig@6.0.0 OK for: babel-plugin-macros@2.8.0 want: ^6.0.0
158 timing idealTree:node_modules/@emotion/babel-plugin/node_modules/babel-plugin-macros Completed in 1ms
159 timing idealTree:node_modules/@emotion/babel-plugin/node_modules/cosmiconfig Completed in 0ms
160 timing idealTree:node_modules/@emotion/babel-plugin/node_modules/escape-string-regexp Completed in 0ms
161 timing idealTree:buildDeps Completed in 3550ms
162 timing idealTree:fixDepFlags Completed in 10ms
163 timing idealTree Completed in 4056ms
164 timing reify:loadTrees Completed in 4057ms
165 timing reify:diffTrees Completed in 23ms
166 silly reify moves {}
167 timing reify:retireShallow Completed in 1ms
168 timing reify:createSparse Completed in 11ms
169 timing reify:loadBundles Completed in 0ms
170 silly audit bulk request {
170 silly audit   '@ampproject/remapping': [ '2.1.2' ],
170 silly audit   '@babel/code-frame': [ '7.16.7' ],
170 silly audit   '@babel/compat-data': [ '7.17.7' ],
170 silly audit   '@babel/core': [ '7.17.9' ],
170 silly audit   semver: [ '6.3.0', '7.0.0', '7.3.6' ],
170 silly audit   '@babel/eslint-parser': [ '7.17.0' ],
170 silly audit   'eslint-scope': [ '5.1.1', '7.1.1' ],
170 silly audit   'eslint-visitor-keys': [ '2.1.0', '3.3.0' ],
170 silly audit   estraverse: [ '4.3.0', '5.3.0' ],
170 silly audit   '@babel/generator': [ '7.17.9' ],
170 silly audit   '@babel/helper-annotate-as-pure': [ '7.16.7' ],
170 silly audit   '@babel/helper-builder-binary-assignment-operator-visitor': [ '7.16.7' ],
170 silly audit   '@babel/helper-compilation-targets': [ '7.17.7' ],
170 silly audit   '@babel/helper-create-class-features-plugin': [ '7.17.9' ],
170 silly audit   '@babel/helper-create-regexp-features-plugin': [ '7.17.0' ],
170 silly audit   '@babel/helper-define-polyfill-provider': [ '0.3.1' ],
170 silly audit   '@babel/helper-environment-visitor': [ '7.16.7' ],
170 silly audit   '@babel/helper-explode-assignable-expression': [ '7.16.7' ],
170 silly audit   '@babel/helper-function-name': [ '7.17.9' ],
170 silly audit   '@babel/helper-hoist-variables': [ '7.16.7' ],
170 silly audit   '@babel/helper-member-expression-to-functions': [ '7.17.7' ],
170 silly audit   '@babel/helper-module-imports': [ '7.16.7' ],
170 silly audit   '@babel/helper-module-transforms': [ '7.17.7' ],
170 silly audit   '@babel/helper-optimise-call-expression': [ '7.16.7' ],
170 silly audit   '@babel/helper-plugin-utils': [ '7.16.7' ],
170 silly audit   '@babel/helper-remap-async-to-generator': [ '7.16.8' ],
170 silly audit   '@babel/helper-replace-supers': [ '7.16.7' ],
170 silly audit   '@babel/helper-simple-access': [ '7.17.7' ],
170 silly audit   '@babel/helper-skip-transparent-expression-wrappers': [ '7.16.0' ],
170 silly audit   '@babel/helper-split-export-declaration': [ '7.16.7' ],
170 silly audit   '@babel/helper-validator-identifier': [ '7.16.7' ],
170 silly audit   '@babel/helper-validator-option': [ '7.16.7' ],
170 silly audit   '@babel/helper-wrap-function': [ '7.16.8' ],
170 silly audit   '@babel/helpers': [ '7.17.9' ],
170 silly audit   '@babel/highlight': [ '7.17.9' ],
170 silly audit   '@babel/parser': [ '7.17.9' ],
170 silly audit   '@babel/plugin-bugfix-safari-id-destructuring-collision-in-function-expression': [ '7.16.7' ],
170 silly audit   '@babel/plugin-bugfix-v8-spread-parameters-in-optional-chaining': [ '7.16.7' ],
170 silly audit   '@babel/plugin-proposal-async-generator-functions': [ '7.16.8' ],
170 silly audit   '@babel/plugin-proposal-class-properties': [ '7.16.7' ],
170 silly audit   '@babel/plugin-proposal-class-static-block': [ '7.17.6' ],
170 silly audit   '@babel/plugin-proposal-decorators': [ '7.17.9' ],
170 silly audit   '@babel/plugin-proposal-dynamic-import': [ '7.16.7' ],
170 silly audit   '@babel/plugin-proposal-export-namespace-from': [ '7.16.7' ],
170 silly audit   '@babel/plugin-proposal-json-strings': [ '7.16.7' ],
170 silly audit   '@babel/plugin-proposal-logical-assignment-operators': [ '7.16.7' ],
170 silly audit   '@babel/plugin-proposal-nullish-coalescing-operator': [ '7.16.7' ],
170 silly audit   '@babel/plugin-proposal-numeric-separator': [ '7.16.7' ],
170 silly audit   '@babel/plugin-proposal-object-rest-spread': [ '7.17.3' ],
170 silly audit   '@babel/plugin-proposal-optional-catch-binding': [ '7.16.7' ],
170 silly audit   '@babel/plugin-proposal-optional-chaining': [ '7.16.7' ],
170 silly audit   '@babel/plugin-proposal-private-methods': [ '7.16.11' ],
170 silly audit   '@babel/plugin-proposal-private-property-in-object': [ '7.16.7' ],
170 silly audit   '@babel/plugin-proposal-unicode-property-regex': [ '7.16.7' ],
170 silly audit   '@babel/plugin-syntax-async-generators': [ '7.8.4' ],
170 silly audit   '@babel/plugin-syntax-bigint': [ '7.8.3' ],
170 silly audit   '@babel/plugin-syntax-class-properties': [ '7.12.13' ],
170 silly audit   '@babel/plugin-syntax-class-static-block': [ '7.14.5' ],
170 silly audit   '@babel/plugin-syntax-decorators': [ '7.17.0' ],
170 silly audit   '@babel/plugin-syntax-dynamic-import': [ '7.8.3' ],
170 silly audit   '@babel/plugin-syntax-export-namespace-from': [ '7.8.3' ],
170 silly audit   '@babel/plugin-syntax-flow': [ '7.16.7' ],
170 silly audit   '@babel/plugin-syntax-import-meta': [ '7.10.4' ],
170 silly audit   '@babel/plugin-syntax-json-strings': [ '7.8.3' ],
170 silly audit   '@babel/plugin-syntax-jsx': [ '7.16.7' ],
170 silly audit   '@babel/plugin-syntax-logical-assignment-operators': [ '7.10.4' ],
170 silly audit   '@babel/plugin-syntax-nullish-coalescing-operator': [ '7.8.3' ],
170 silly audit   '@babel/plugin-syntax-numeric-separator': [ '7.10.4' ],
170 silly audit   '@babel/plugin-syntax-object-rest-spread': [ '7.8.3' ],
170 silly audit   '@babel/plugin-syntax-optional-catch-binding': [ '7.8.3' ],
170 silly audit   '@babel/plugin-syntax-optional-chaining': [ '7.8.3' ],
170 silly audit   '@babel/plugin-syntax-private-property-in-object': [ '7.14.5' ],
170 silly audit   '@babel/plugin-syntax-top-level-await': [ '7.14.5' ],
170 silly audit   '@babel/plugin-syntax-typescript': [ '7.16.7' ],
170 silly audit   '@babel/plugin-transform-arrow-functions': [ '7.16.7' ],
170 silly audit   '@babel/plugin-transform-async-to-generator': [ '7.16.8' ],
170 silly audit   '@babel/plugin-transform-block-scoped-functions': [ '7.16.7' ],
170 silly audit   '@babel/plugin-transform-block-scoping': [ '7.16.7' ],
170 silly audit   '@babel/plugin-transform-classes': [ '7.16.7' ],
170 silly audit   '@babel/plugin-transform-computed-properties': [ '7.16.7' ],
170 silly audit   '@babel/plugin-transform-destructuring': [ '7.17.7' ],
170 silly audit   '@babel/plugin-transform-dotall-regex': [ '7.16.7' ],
170 silly audit   '@babel/plugin-transform-duplicate-keys': [ '7.16.7' ],
170 silly audit   '@babel/plugin-transform-exponentiation-operator': [ '7.16.7' ],
170 silly audit   '@babel/plugin-transform-flow-strip-types': [ '7.16.7' ],
170 silly audit   '@babel/plugin-transform-for-of': [ '7.16.7' ],
170 silly audit   '@babel/plugin-transform-function-name': [ '7.16.7' ],
170 silly audit   '@babel/plugin-transform-literals': [ '7.16.7' ],
170 silly audit   '@babel/plugin-transform-member-expression-literals': [ '7.16.7' ],
170 silly audit   '@babel/plugin-transform-modules-amd': [ '7.16.7' ],
170 silly audit   '@babel/plugin-transform-modules-commonjs': [ '7.17.9' ],
170 silly audit   '@babel/plugin-transform-modules-systemjs': [ '7.17.8' ],
170 silly audit   '@babel/plugin-transform-modules-umd': [ '7.16.7' ],
170 silly audit   '@babel/plugin-transform-named-capturing-groups-regex': [ '7.16.8' ],
170 silly audit   '@babel/plugin-transform-new-target': [ '7.16.7' ],
170 silly audit   '@babel/plugin-transform-object-super': [ '7.16.7' ],
170 silly audit   '@babel/plugin-transform-parameters': [ '7.16.7' ],
170 silly audit   '@babel/plugin-transform-property-literals': [ '7.16.7' ],
170 silly audit   '@babel/plugin-transform-react-constant-elements': [ '7.17.6' ],
170 silly audit   '@babel/plugin-transform-react-display-name': [ '7.16.7' ],
170 silly audit   '@babel/plugin-transform-react-jsx': [ '7.17.3' ],
170 silly audit   '@babel/plugin-transform-react-jsx-development': [ '7.16.7' ],
170 silly audit   '@babel/plugin-transform-react-pure-annotations': [ '7.16.7' ],
170 silly audit   '@babel/plugin-transform-regenerator': [ '7.17.9' ],
170 silly audit   '@babel/plugin-transform-reserved-words': [ '7.16.7' ],
170 silly audit   '@babel/plugin-transform-runtime': [ '7.17.0' ],
170 silly audit   '@babel/plugin-transform-shorthand-properties': [ '7.16.7' ],
170 silly audit   '@babel/plugin-transform-spread': [ '7.16.7' ],
170 silly audit   '@babel/plugin-transform-sticky-regex': [ '7.16.7' ],
170 silly audit   '@babel/plugin-transform-template-literals': [ '7.16.7' ],
170 silly audit   '@babel/plugin-transform-typeof-symbol': [ '7.16.7' ],
170 silly audit   '@babel/plugin-transform-typescript': [ '7.16.8' ],
170 silly audit   '@babel/plugin-transform-unicode-escapes': [ '7.16.7' ],
170 silly audit   '@babel/plugin-transform-unicode-regex': [ '7.16.7' ],
170 silly audit   '@babel/preset-env': [ '7.16.11' ],
170 silly audit   '@babel/preset-modules': [ '0.1.5' ],
170 silly audit   '@babel/preset-react': [ '7.16.7' ],
170 silly audit   '@babel/preset-typescript': [ '7.16.7' ],
170 silly audit   '@babel/runtime': [ '7.17.9' ],
170 silly audit   '@babel/runtime-corejs3': [ '7.17.9' ],
170 silly audit   '@babel/template': [ '7.16.7' ],
170 silly audit   '@babel/traverse': [ '7.17.9' ],
170 silly audit   '@babel/types': [ '7.17.0' ],
170 silly audit   '@bcoe/v8-coverage': [ '0.2.3' ],
170 silly audit   '@csstools/normalize.css': [ '12.0.0' ],
170 silly audit   '@csstools/postcss-color-function': [ '1.1.0' ],
170 silly audit   '@csstools/postcss-font-format-keywords': [ '1.0.0' ],
170 silly audit   '@csstools/postcss-hwb-function': [ '1.0.0' ],
170 silly audit   '@csstools/postcss-ic-unit': [ '1.0.0' ],
170 silly audit   '@csstools/postcss-is-pseudo-class': [ '2.0.2' ],
170 silly audit   '@csstools/postcss-normalize-display-values': [ '1.0.0' ],
170 silly audit   '@csstools/postcss-oklab-function': [ '1.1.0' ],
170 silly audit   '@csstools/postcss-progressive-custom-properties': [ '1.3.0' ],
170 silly audit   '@emotion/is-prop-valid': [ '1.1.2' ],
170 silly audit   '@emotion/memoize': [ '0.7.5' ],
170 silly audit   '@emotion/stylis': [ '0.8.5' ],
170 silly audit   '@emotion/unitless': [ '0.7.5' ],
170 silly audit   '@eslint/eslintrc': [ '1.2.1' ],
170 silly audit   argparse: [ '2.0.1', '1.0.10' ],
170 silly audit   globals: [ '13.13.0', '11.12.0' ],
170 silly audit   'js-yaml': [ '4.1.0', '3.14.1' ],
170 silly audit   'type-fest': [ '0.20.2', '0.16.0', '0.21.3' ],
170 silly audit   '@humanwhocodes/config-array': [ '0.9.5' ],
170 silly audit   '@humanwhocodes/object-schema': [ '1.2.1' ],
170 silly audit   '@istanbuljs/load-nyc-config': [ '1.1.0' ],
170 silly audit   camelcase: [ '5.3.1', '6.3.0' ],
170 silly audit   'find-up': [ '4.1.0', '2.1.0', '5.0.0', '3.0.0' ],
170 silly audit   'locate-path': [ '5.0.0', '2.0.0', '6.0.0', '3.0.0' ],
170 silly audit   'p-limit': [ '2.3.0', '1.3.0', '3.1.0' ],
170 silly audit   'p-locate': [ '4.1.0', '2.0.0', '5.0.0', '3.0.0' ],
170 silly audit   '@istanbuljs/schema': [ '0.1.3' ],
170 silly audit   '@jest/console': [ '27.5.1' ],
170 silly audit   'ansi-styles': [ '4.3.0', '3.2.1', '5.2.0' ],
170 silly audit   chalk: [ '4.1.2', '3.0.0', '2.4.2' ],
170 silly audit   'color-convert': [ '2.0.1', '1.9.3' ],
170 silly audit   'color-name': [ '1.1.4', '1.1.3' ],
170 silly audit   'has-flag': [ '4.0.0', '3.0.0' ],
170 silly audit   'supports-color': [ '7.2.0', '8.1.1', '5.5.0' ],
170 silly audit   '@jest/core': [ '27.5.1' ],
170 silly audit   '@jest/environment': [ '27.5.1' ],
170 silly audit   '@jest/fake-timers': [ '27.5.1' ],
170 silly audit   '@jest/globals': [ '27.5.1' ],
170 silly audit   '@jest/reporters': [ '27.5.1' ],
170 silly audit   'source-map': [ '0.6.1', '0.7.3', '0.5.7', '0.8.0-beta.0' ],
170 silly audit   '@jest/source-map': [ '27.5.1' ],
170 silly audit   '@jest/test-result': [ '27.5.1' ],
170 silly audit   '@jest/test-sequencer': [ '27.5.1' ],
170 silly audit   '@jest/transform': [ '27.5.1' ],
170 silly audit   '@jest/types': [ '27.5.1' ],
170 silly audit   '@jridgewell/resolve-uri': [ '3.0.5' ],
170 silly audit   '@jridgewell/sourcemap-codec': [ '1.4.11' ],
170 silly audit   '@jridgewell/trace-mapping': [ '0.3.4' ],
170 silly audit   '@leichtgewicht/ip-codec': [ '2.0.3' ],
170 silly audit   '@nodelib/fs.scandir': [ '2.1.5' ],
170 silly audit   '@nodelib/fs.stat': [ '2.0.5' ],
170 silly audit   '@nodelib/fs.walk': [ '1.2.8' ],
170 silly audit   '@pmmmwh/react-refresh-webpack-plugin': [ '0.5.5' ],
170 silly audit   '@rollup/plugin-babel': [ '5.3.1' ],
170 silly audit   '@rollup/plugin-node-resolve': [ '11.2.1' ],
170 silly audit   '@rollup/plugin-replace': [ '2.4.2' ],
170 silly audit   '@rollup/pluginutils': [ '3.1.0' ],
170 silly audit   '@types/estree': [ '0.0.39', '0.0.51' ],
170 silly audit   '@rushstack/eslint-patch': [ '1.1.2' ],
170 silly audit   '@sinonjs/commons': [ '1.8.3' ],
170 silly audit   '@sinonjs/fake-timers': [ '8.1.0' ],
170 silly audit   '@surma/rollup-plugin-off-main-thread': [ '2.2.3' ],
170 silly audit   '@svgr/babel-plugin-add-jsx-attribute': [ '5.4.0' ],
170 silly audit   '@svgr/babel-plugin-remove-jsx-attribute': [ '5.4.0' ],
170 silly audit   '@svgr/babel-plugin-remove-jsx-empty-expression': [ '5.0.1' ],
170 silly audit   '@svgr/babel-plugin-replace-jsx-attribute-value': [ '5.0.1' ],
170 silly audit   '@svgr/babel-plugin-svg-dynamic-title': [ '5.4.0' ],
170 silly audit   '@svgr/babel-plugin-svg-em-dimensions': [ '5.4.0' ],
170 silly audit   '@svgr/babel-plugin-transform-react-native-svg': [ '5.4.0' ],
170 silly audit   '@svgr/babel-plugin-transform-svg-component': [ '5.5.0' ],
170 silly audit   '@svgr/babel-preset': [ '5.5.0' ],
170 silly audit   '@svgr/core': [ '5.5.0' ],
170 silly audit   '@svgr/hast-util-to-babel-ast': [ '5.5.0' ],
170 silly audit   '@svgr/plugin-jsx': [ '5.5.0' ],
170 silly audit   '@svgr/plugin-svgo': [ '5.5.0' ],
170 silly audit   '@svgr/webpack': [ '5.5.0' ],
170 silly audit   '@testing-library/dom': [ '8.13.0' ],
170 silly audit   'aria-query': [ '5.0.0', '4.2.2' ],
170 silly audit   '@testing-library/jest-dom': [ '5.16.4' ],
170 silly audit   '@testing-library/react': [ '12.1.4' ],
170 silly audit   '@testing-library/user-event': [ '13.5.0' ],
170 silly audit   '@tootallnate/once': [ '1.1.2' ],
170 silly audit   '@trysound/sax': [ '0.2.0' ],
170 silly audit   '@types/aria-query': [ '4.2.2' ],
170 silly audit   '@types/babel__core': [ '7.1.19' ],
170 silly audit   '@types/babel__generator': [ '7.6.4' ],
170 silly audit   '@types/babel__template': [ '7.4.1' ],
170 silly audit   '@types/babel__traverse': [ '7.14.2' ],
170 silly audit   '@types/body-parser': [ '1.19.2' ],
170 silly audit   '@types/bonjour': [ '3.5.10' ],
170 silly audit   '@types/connect': [ '3.4.35' ],
170 silly audit   '@types/connect-history-api-fallback': [ '1.3.5' ],
170 silly audit   '@types/eslint': [ '7.29.0' ],
170 silly audit   '@types/eslint-scope': [ '3.7.3' ],
170 silly audit   '@types/express': [ '4.17.13' ],
170 silly audit   '@types/express-serve-static-core': [ '4.17.28' ],
170 silly audit   '@types/graceful-fs': [ '4.1.5' ],
170 silly audit   '@types/html-minifier-terser': [ '6.1.0' ],
170 silly audit   '@types/http-proxy': [ '1.17.8' ],
170 silly audit   '@types/istanbul-lib-coverage': [ '2.0.4' ],
170 silly audit   '@types/istanbul-lib-report': [ '3.0.0' ],
170 silly audit   '@types/istanbul-reports': [ '3.0.1' ],
170 silly audit   '@types/jest': [ '27.4.1' ],
170 silly audit   '@types/json-schema': [ '7.0.11' ],
170 silly audit   '@types/json5': [ '0.0.29' ],
170 silly audit   '@types/mime': [ '1.3.2' ],
170 silly audit   '@types/node': [ '17.0.23' ],
170 silly audit   '@types/parse-json': [ '4.0.0' ],
170 silly audit   '@types/prettier': [ '2.4.4' ],
170 silly audit   '@types/prop-types': [ '15.7.5' ],
170 silly audit   '@types/q': [ '1.5.5' ],
170 silly audit   '@types/qs': [ '6.9.7' ],
170 silly audit   '@types/range-parser': [ '1.2.4' ],
170 silly audit   '@types/react': [ '18.0.0' ],
170 silly audit   '@types/react-dom': [ '18.0.0' ],
170 silly audit   '@types/resolve': [ '1.17.1' ],
170 silly audit   '@types/retry': [ '0.12.1' ],
170 silly audit   '@types/scheduler': [ '0.16.2' ],
170 silly audit   '@types/serve-index': [ '1.9.1' ],
170 silly audit   '@types/serve-static': [ '1.13.10' ],
170 silly audit   '@types/sockjs': [ '0.3.33' ],
170 silly audit   '@types/stack-utils': [ '2.0.1' ],
170 silly audit   '@types/testing-library__jest-dom': [ '5.14.3' ],
170 silly audit   '@types/trusted-types': [ '2.0.2' ],
170 silly audit   '@types/ws': [ '8.5.3' ],
170 silly audit   '@types/yargs': [ '16.0.4' ],
170 silly audit   '@types/yargs-parser': [ '21.0.0' ],
170 silly audit   '@typescript-eslint/eslint-plugin': [ '5.18.0' ],
170 silly audit   '@typescript-eslint/experimental-utils': [ '5.18.0' ],
170 silly audit   '@typescript-eslint/parser': [ '5.18.0' ],
170 silly audit   '@typescript-eslint/scope-manager': [ '5.18.0' ],
170 silly audit   '@typescript-eslint/type-utils': [ '5.18.0' ],
170 silly audit   '@typescript-eslint/types': [ '5.18.0' ],
170 silly audit   '@typescript-eslint/typescript-estree': [ '5.18.0' ],
170 silly audit   '@typescript-eslint/utils': [ '5.18.0' ],
170 silly audit   '@typescript-eslint/visitor-keys': [ '5.18.0' ],
170 silly audit   '@webassemblyjs/ast': [ '1.11.1' ],
170 silly audit   '@webassemblyjs/floating-point-hex-parser': [ '1.11.1' ],
170 silly audit   '@webassemblyjs/helper-api-error': [ '1.11.1' ],
170 silly audit   '@webassemblyjs/helper-buffer': [ '1.11.1' ],
170 silly audit   '@webassemblyjs/helper-numbers': [ '1.11.1' ],
170 silly audit   '@webassemblyjs/helper-wasm-bytecode': [ '1.11.1' ],
170 silly audit   '@webassemblyjs/helper-wasm-section': [ '1.11.1' ],
170 silly audit   '@webassemblyjs/ieee754': [ '1.11.1' ],
170 silly audit   '@webassemblyjs/leb128': [ '1.11.1' ],
170 silly audit   '@webassemblyjs/utf8': [ '1.11.1' ],
170 silly audit   '@webassemblyjs/wasm-edit': [ '1.11.1' ],
170 silly audit   '@webassemblyjs/wasm-gen': [ '1.11.1' ],
170 silly audit   '@webassemblyjs/wasm-opt': [ '1.11.1' ],
170 silly audit   '@webassemblyjs/wasm-parser': [ '1.11.1' ],
170 silly audit   '@webassemblyjs/wast-printer': [ '1.11.1' ],
170 silly audit   '@xtuc/ieee754': [ '1.2.0' ],
170 silly audit   '@xtuc/long': [ '4.2.2' ],
170 silly audit   abab: [ '2.0.5' ],
170 silly audit   accepts: [ '1.3.8' ],
170 silly audit   acorn: [ '8.7.0', '7.4.1' ],
170 silly audit   'acorn-globals': [ '6.0.0' ],
170 silly audit   'acorn-import-assertions': [ '1.8.0' ],
170 silly audit   'acorn-jsx': [ '5.3.2' ],
170 silly audit   'acorn-node': [ '1.8.2' ],
170 silly audit   'acorn-walk': [ '7.2.0' ],
170 silly audit   address: [ '1.1.2' ],
170 silly audit   'adjust-sourcemap-loader': [ '4.0.0' ],
170 silly audit   'agent-base': [ '6.0.2' ],
170 silly audit   ajv: [ '6.12.6', '8.11.0' ],
170 silly audit   'ajv-formats': [ '2.1.1' ],
170 silly audit   'json-schema-traverse': [ '1.0.0', '0.4.1' ],
170 silly audit   'ajv-keywords': [ '3.5.2', '5.1.0' ],
170 silly audit   'ansi-escapes': [ '4.3.2' ],
170 silly audit   'ansi-html-community': [ '0.0.8' ],
170 silly audit   'ansi-regex': [ '5.0.1', '6.0.1' ],
170 silly audit   anymatch: [ '3.1.2' ],
170 silly audit   arg: [ '5.0.1' ],
170 silly audit   'array-flatten': [ '2.1.2', '1.1.1' ],
170 silly audit   'array-includes': [ '3.1.4' ],
170 silly audit   'array-union': [ '2.1.0' ],
170 silly audit   'array.prototype.flat': [ '1.2.5' ],
170 silly audit   'array.prototype.flatmap': [ '1.2.5' ],
170 silly audit   asap: [ '2.0.6' ],
170 silly audit   'ast-types-flow': [ '0.0.7' ],
170 silly audit   async: [ '2.6.3', '0.9.2' ],
170 silly audit   asynckit: [ '0.4.0' ],
170 silly audit   'at-least-node': [ '1.0.0' ],
170 silly audit   atob: [ '2.1.2' ],
170 silly audit   autoprefixer: [ '10.4.4' ],
170 silly audit   'axe-core': [ '4.4.1' ],
170 silly audit   'axobject-query': [ '2.2.0' ],
170 silly audit   'babel-jest': [ '27.5.1' ],
170 silly audit   'babel-loader': [ '8.2.4' ],
170 silly audit   'schema-utils': [ '2.7.1', '4.0.0', '2.7.0', '3.1.1' ],
170 silly audit   'babel-plugin-dynamic-import-node': [ '2.3.3' ],
170 silly audit   'babel-plugin-istanbul': [ '6.1.1' ],
170 silly audit   'babel-plugin-jest-hoist': [ '27.5.1' ],
170 silly audit   'babel-plugin-macros': [ '3.1.0', '2.8.0' ],
170 silly audit   'babel-plugin-named-asset-import': [ '0.3.8' ],
170 silly audit   'babel-plugin-polyfill-corejs2': [ '0.3.1' ],
170 silly audit   'babel-plugin-polyfill-corejs3': [ '0.5.2' ],
170 silly audit   'babel-plugin-polyfill-regenerator': [ '0.3.1' ],
170 silly audit   'babel-plugin-styled-components': [ '2.0.7' ],
170 silly audit   'babel-plugin-syntax-jsx': [ '6.18.0' ],
170 silly audit   'babel-plugin-transform-react-remove-prop-types': [ '0.4.24' ],
170 silly audit   'babel-preset-current-node-syntax': [ '1.0.1' ],
170 silly audit   'babel-preset-jest': [ '27.5.1' ],
170 silly audit   'babel-preset-react-app': [ '10.0.1' ],
170 silly audit   'balanced-match': [ '1.0.2' ],
170 silly audit   batch: [ '0.6.1' ],
170 silly audit   bfj: [ '7.0.2' ],
170 silly audit   'big.js': [ '5.2.2' ],
170 silly audit   'binary-extensions': [ '2.2.0' ],
170 silly audit   bluebird: [ '3.7.2' ],
170 silly audit   'body-parser': [ '1.19.2' ],
170 silly audit   bytes: [ '3.1.2', '3.0.0' ],
170 silly audit   debug: [ '2.6.9', '4.3.4', '3.2.7' ],
170 silly audit   'iconv-lite': [ '0.4.24', '0.6.3' ],
170 silly audit   ms: [ '2.0.0', '2.1.2', '2.1.3' ],
170 silly audit   'bonjour-service': [ '1.0.11' ],
170 silly audit   boolbase: [ '1.0.0' ],
170 silly audit   'brace-expansion': [ '1.1.11' ],
170 silly audit   braces: [ '3.0.2' ],
170 silly audit   'browser-process-hrtime': [ '1.0.0' ],
170 silly audit   browserslist: [ '4.20.2' ],
170 silly audit   bser: [ '2.1.1' ],
170 silly audit   'buffer-from': [ '1.1.2' ],
170 silly audit   'builtin-modules': [ '3.2.0' ],
170 silly audit   'call-bind': [ '1.0.2' ],
170 silly audit   callsites: [ '3.1.0' ],
170 silly audit   'camel-case': [ '4.1.2' ],
170 silly audit   'camelcase-css': [ '2.0.1' ],
170 silly audit   camelize: [ '1.0.0' ],
170 silly audit   'caniuse-api': [ '3.0.0' ],
170 silly audit   'caniuse-lite': [ '1.0.30001327' ],
170 silly audit   'case-sensitive-paths-webpack-plugin': [ '2.4.0' ],
170 silly audit   'char-regex': [ '1.0.2', '2.0.1' ],
170 silly audit   charcodes: [ '0.2.0' ],
170 silly audit   'check-types': [ '11.1.2' ],
170 silly audit   chokidar: [ '3.5.3' ],
170 silly audit   'glob-parent': [ '5.1.2', '6.0.2' ],
170 silly audit   'chrome-trace-event': [ '1.0.3' ],
170 silly audit   'ci-info': [ '3.3.0' ],
170 silly audit   'cjs-module-lexer': [ '1.2.2' ],
170 silly audit   'clean-css': [ '5.3.0' ],
170 silly audit   cliui: [ '7.0.4' ],
170 silly audit   co: [ '4.6.0' ],
170 silly audit   coa: [ '2.0.2' ],
170 silly audit   'collect-v8-coverage': [ '1.0.1' ],
170 silly audit   colord: [ '2.9.2' ],
170 silly audit   colorette: [ '2.0.16' ],
170 silly audit   'combined-stream': [ '1.0.8' ],
170 silly audit   commander: [ '8.3.0', '7.2.0', '2.20.3' ],
170 silly audit   'common-path-prefix': [ '3.0.0' ],
170 silly audit   'common-tags': [ '1.8.2' ],
170 silly audit   commondir: [ '1.0.1' ],
170 silly audit   compressible: [ '2.0.18' ],
170 silly audit   compression: [ '1.7.4' ],
170 silly audit   'concat-map': [ '0.0.1' ],
170 silly audit   'confusing-browser-globals': [ '1.0.11' ],
170 silly audit   'connect-history-api-fallback': [ '1.6.0' ],
170 silly audit   'content-disposition': [ '0.5.4' ],
170 silly audit   'safe-buffer': [ '5.2.1', '5.1.2' ],
170 silly audit   'content-type': [ '1.0.4' ],
170 silly audit   'convert-source-map': [ '1.8.0' ],
170 silly audit   cookie: [ '0.4.2' ],
170 silly audit   'cookie-signature': [ '1.0.6' ],
170 silly audit   'core-js': [ '3.21.1' ],
170 silly audit   'core-js-compat': [ '3.21.1' ],
170 silly audit   'core-js-pure': [ '3.21.1' ],
170 silly audit   'core-util-is': [ '1.0.3' ],
170 silly audit   cosmiconfig: [ '7.0.1', '6.0.0' ],
170 silly audit   'cross-spawn': [ '7.0.3' ],
170 silly audit   'crypto-random-string': [ '2.0.0' ],
170 silly audit   css: [ '3.0.0' ],
170 silly audit   'css-blank-pseudo': [ '3.0.3' ],
170 silly audit   'css-color-keywords': [ '1.0.0' ],
170 silly audit   'css-declaration-sorter': [ '6.2.2' ],
170 silly audit   'css-has-pseudo': [ '3.0.4' ],
170 silly audit   'css-loader': [ '6.7.1' ],
170 silly audit   'css-minimizer-webpack-plugin': [ '3.4.1' ],
170 silly audit   'css-prefers-color-scheme': [ '6.0.3' ],
170 silly audit   'css-select': [ '4.3.0', '2.1.0' ],
170 silly audit   'css-select-base-adapter': [ '0.1.1' ],
170 silly audit   'css-to-react-native': [ '3.0.0' ],
170 silly audit   'css-tree': [ '1.0.0-alpha.37', '1.1.3' ],
170 silly audit   'css-what': [ '6.1.0', '3.4.2' ],
170 silly audit   'css.escape': [ '1.5.1' ],
170 silly audit   cssdb: [ '6.5.0' ],
170 silly audit   cssesc: [ '3.0.0' ],
170 silly audit   cssnano: [ '5.1.7' ],
170 silly audit   'cssnano-preset-default': [ '5.2.7' ],
170 silly audit   'cssnano-utils': [ '3.1.0' ],
170 silly audit   csso: [ '4.2.0' ],
170 silly audit   'mdn-data': [ '2.0.14', '2.0.4' ],
170 silly audit   cssom: [ '0.4.4', '0.3.8' ],
170 silly audit   cssstyle: [ '2.3.0' ],
170 silly audit   csstype: [ '3.0.11' ],
170 silly audit   'damerau-levenshtein': [ '1.0.8' ],
170 silly audit   'data-urls': [ '2.0.0' ],
170 silly audit   'decimal.js': [ '10.3.1' ],
170 silly audit   'decode-uri-component': [ '0.2.0' ],
170 silly audit   dedent: [ '0.7.0' ],
170 silly audit   'deep-is': [ '0.1.4' ],
170 silly audit   deepmerge: [ '4.2.2' ],
170 silly audit   'default-gateway': [ '6.0.3' ],
170 silly audit   'define-lazy-prop': [ '2.0.0' ],
170 silly audit   'define-properties': [ '1.1.3' ],
170 silly audit   defined: [ '1.0.0' ],
170 silly audit   'delayed-stream': [ '1.0.0' ],
170 silly audit   depd: [ '1.1.2' ],
170 silly audit   destroy: [ '1.0.4' ],
170 silly audit   'detect-newline': [ '3.1.0' ],
170 silly audit   'detect-node': [ '2.1.0' ],
170 silly audit   'detect-port-alt': [ '1.1.6' ],
170 silly audit   detective: [ '5.2.0' ],
170 silly audit   didyoumean: [ '1.2.2' ],
170 silly audit   'diff-sequences': [ '27.5.1' ],
170 silly audit   'dir-glob': [ '3.0.1' ],
170 silly audit   dlv: [ '1.1.3' ],
170 silly audit   'dns-equal': [ '1.0.0' ],
170 silly audit   'dns-packet': [ '5.3.1' ],
170 silly audit   doctrine: [ '3.0.0', '2.1.0' ],
170 silly audit   'dom-accessibility-api': [ '0.5.13' ],
170 silly audit   'dom-converter': [ '0.2.0' ],
170 silly audit   'dom-serializer': [ '1.3.2', '0.2.2' ],
170 silly audit   domelementtype: [ '2.3.0', '1.3.1' ],
170 silly audit   domexception: [ '2.0.1' ],
170 silly audit   'webidl-conversions': [ '5.0.0', '6.1.0', '4.0.2' ],
170 silly audit   domhandler: [ '4.3.1' ],
170 silly audit   domutils: [ '2.8.0', '1.7.0' ],
170 silly audit   'dot-case': [ '3.0.4' ],
170 silly audit   dotenv: [ '10.0.0' ],
170 silly audit   'dotenv-expand': [ '5.1.0' ],
170 silly audit   duplexer: [ '0.1.2' ],
170 silly audit   'ee-first': [ '1.1.1' ],
170 silly audit   ejs: [ '3.1.6' ],
170 silly audit   'electron-to-chromium': [ '1.4.106' ],
170 silly audit   emittery: [ '0.8.1' ],
170 silly audit   'emoji-regex': [ '9.2.2', '8.0.0' ],
170 silly audit   'emojis-list': [ '3.0.0' ],
170 silly audit   encodeurl: [ '1.0.2' ],
170 silly audit   'enhanced-resolve': [ '5.9.2' ],
170 silly audit   entities: [ '2.2.0' ],
170 silly audit   'error-ex': [ '1.3.2' ],
170 silly audit   'error-stack-parser': [ '2.0.7' ],
170 silly audit   'es-abstract': [ '1.19.2' ],
170 silly audit   'es-module-lexer': [ '0.9.3' ],
170 silly audit   'es-to-primitive': [ '1.2.1' ],
170 silly audit   escalade: [ '3.1.1' ],
170 silly audit   'escape-html': [ '1.0.3' ],
170 silly audit   'escape-string-regexp': [ '1.0.5', '4.0.0', '2.0.0' ],
170 silly audit   escodegen: [ '2.0.0' ],
170 silly audit   levn: [ '0.3.0', '0.4.1' ],
170 silly audit   optionator: [ '0.8.3', '0.9.1' ],
170 silly audit   'prelude-ls': [ '1.1.2', '1.2.1' ],
170 silly audit   'type-check': [ '0.3.2', '0.4.0' ],
170 silly audit   eslint: [ '8.13.0' ],
170 silly audit   'eslint-config-react-app': [ '7.0.0' ],
170 silly audit   'eslint-import-resolver-node': [ '0.3.6' ],
170 silly audit   'eslint-module-utils': [ '2.7.3' ],
170 silly audit   'p-try': [ '1.0.0', '2.2.0' ],
170 silly audit   'path-exists': [ '3.0.0', '4.0.0' ],
170 silly audit   'eslint-plugin-flowtype': [ '8.0.3' ],
170 silly audit   'eslint-plugin-import': [ '2.26.0' ],
170 silly audit   'eslint-plugin-jest': [ '25.7.0' ],
170 silly audit   'eslint-plugin-jsx-a11y': [ '6.5.1' ],
170 silly audit   'eslint-plugin-react': [ '7.29.4' ],
170 silly audit   'eslint-plugin-react-hooks': [ '4.4.0' ],
170 silly audit   resolve: [ '2.0.0-next.3', '1.22.0' ],
170 silly audit   'eslint-plugin-testing-library': [ '5.2.1' ],
170 silly audit   'eslint-utils': [ '3.0.0' ],
170 silly audit   'eslint-webpack-plugin': [ '3.1.1' ],
170 silly audit   espree: [ '9.3.1' ],
170 silly audit   esprima: [ '4.0.1' ],
170 silly audit   esquery: [ '1.4.0' ],
170 silly audit   esrecurse: [ '4.3.0' ],
170 silly audit   'estree-walker': [ '1.0.1' ],
170 silly audit   esutils: [ '2.0.3' ],
170 silly audit   etag: [ '1.8.1' ],
170 silly audit   eventemitter3: [ '4.0.7' ],
170 silly audit   events: [ '3.3.0' ],
170 silly audit   execa: [ '5.1.1' ],
170 silly audit   exit: [ '0.1.2' ],
170 silly audit   expect: [ '27.5.1' ],
170 silly audit   express: [ '4.17.3' ],
170 silly audit   'fast-deep-equal': [ '3.1.3' ],
170 silly audit   'fast-glob': [ '3.2.11' ],
170 silly audit   'fast-json-stable-stringify': [ '2.1.0' ],
170 silly audit   'fast-levenshtein': [ '2.0.6' ],
170 silly audit   fastq: [ '1.13.0' ],
170 silly audit   'faye-websocket': [ '0.11.4' ],
170 silly audit   'fb-watchman': [ '2.0.1' ],
170 silly audit   'file-entry-cache': [ '6.0.1' ],
170 silly audit   'file-loader': [ '6.2.0' ],
170 silly audit   filelist: [ '1.0.2' ],
170 silly audit   filesize: [ '8.0.7' ],
170 silly audit   'fill-range': [ '7.0.1' ],
170 silly audit   finalhandler: [ '1.1.2' ],
170 silly audit   'find-cache-dir': [ '3.3.2' ],
170 silly audit   'flat-cache': [ '3.0.4' ],
170 silly audit   flatted: [ '3.2.5' ],
170 silly audit   'follow-redirects': [ '1.14.9' ],
170 silly audit   'fork-ts-checker-webpack-plugin': [ '6.5.1' ],
170 silly audit   'fs-extra': [ '9.1.0', '10.0.1' ],
170 silly audit   tapable: [ '1.1.3', '2.2.1' ],
170 silly audit   'form-data': [ '3.0.1' ],
170 silly audit   forwarded: [ '0.2.0' ],
170 silly audit   'fraction.js': [ '4.2.0' ],
170 silly audit   fresh: [ '0.5.2' ],
170 silly audit   'fs-monkey': [ '1.0.3' ],
170 silly audit   'fs.realpath': [ '1.0.0' ],
170 silly audit   fsevents: [ '2.3.2' ],
170 silly audit   'function-bind': [ '1.1.1' ],
170 silly audit   'functional-red-black-tree': [ '1.0.1' ],
170 silly audit   gensync: [ '1.0.0-beta.2' ],
170 silly audit   'get-caller-file': [ '2.0.5' ],
170 silly audit   'get-intrinsic': [ '1.1.1' ],
170 silly audit   'get-own-enumerable-property-symbols': [ '3.0.2' ],
170 silly audit   'get-package-type': [ '0.1.0' ],
170 silly audit   'get-stream': [ '6.0.1' ],
170 silly audit   'get-symbol-description': [ '1.0.0' ],
170 silly audit   glob: [ '7.2.0' ],
170 silly audit   'glob-to-regexp': [ '0.4.1' ],
170 silly audit   'global-modules': [ '2.0.0' ],
170 silly audit   'global-prefix': [ '3.0.0' ],
170 silly audit   which: [ '1.3.1', '2.0.2' ],
170 silly audit   globby: [ '11.1.0' ],
170 silly audit   'graceful-fs': [ '4.2.10' ],
170 silly audit   'gzip-size': [ '6.0.0' ],
170 silly audit   'handle-thing': [ '2.0.1' ],
170 silly audit   'harmony-reflect': [ '1.6.2' ],
170 silly audit   has: [ '1.0.3' ],
170 silly audit   'has-bigints': [ '1.0.1' ],
170 silly audit   'has-symbols': [ '1.0.3' ],
170 silly audit   'has-tostringtag': [ '1.0.0' ],
170 silly audit   he: [ '1.2.0' ],
170 silly audit   'hoist-non-react-statics': [ '3.3.2' ],
170 silly audit   'react-is': [ '16.13.1', '17.0.2' ],
170 silly audit   hoopy: [ '0.1.4' ],
170 silly audit   'hpack.js': [ '2.1.6' ],
170 silly audit   'readable-stream': [ '2.3.7', '3.6.0' ],
170 silly audit   string_decoder: [ '1.1.1', '1.3.0' ],
170 silly audit   'html-encoding-sniffer': [ '2.0.1' ],
170 silly audit   'html-entities': [ '2.3.3' ],
170 silly audit   'html-escaper': [ '2.0.2' ],
170 silly audit   'html-minifier-terser': [ '6.1.0' ],
170 silly audit   'html-webpack-plugin': [ '5.5.0' ],
170 silly audit   htmlparser2: [ '6.1.0' ],
170 silly audit   'http-deceiver': [ '1.2.7' ],
170 silly audit   'http-errors': [ '1.8.1', '1.6.3' ],
170 silly audit   'http-parser-js': [ '0.5.6' ],
170 silly audit   'http-proxy': [ '1.18.1' ],
170 silly audit   'http-proxy-agent': [ '4.0.1' ],
170 silly audit   'http-proxy-middleware': [ '2.0.4' ],
170 silly audit   'https-proxy-agent': [ '5.0.0' ],
170 silly audit   'human-signals': [ '2.1.0' ],
170 silly audit   'icss-utils': [ '5.1.0' ],
170 silly audit   idb: [ '6.1.5' ],
170 silly audit   'identity-obj-proxy': [ '3.0.0' ],
170 silly audit   ignore: [ '5.2.0' ],
170 silly audit   immer: [ '9.0.12' ],
170 silly audit   'import-fresh': [ '3.3.0' ],
170 silly audit   'resolve-from': [ '4.0.0', '5.0.0' ],
170 silly audit   'import-local': [ '3.1.0' ],
170 silly audit   imurmurhash: [ '0.1.4' ],
170 silly audit   'indent-string': [ '4.0.0' ],
170 silly audit   inflight: [ '1.0.6' ],
170 silly audit   inherits: [ '2.0.4', '2.0.3' ],
170 silly audit   ini: [ '1.3.8' ],
170 silly audit   'internal-slot': [ '1.0.3' ],
170 silly audit   'ipaddr.js': [ '2.0.1', '1.9.1' ],
170 silly audit   'is-arrayish': [ '0.2.1' ],
170 silly audit   'is-bigint': [ '1.0.4' ],
170 silly audit   'is-binary-path': [ '2.1.0' ],
170 silly audit   'is-boolean-object': [ '1.1.2' ],
170 silly audit   'is-callable': [ '1.2.4' ],
170 silly audit   'is-core-module': [ '2.8.1' ],
170 silly audit   'is-date-object': [ '1.0.5' ],
170 silly audit   'is-docker': [ '2.2.1' ],
170 silly audit   'is-extglob': [ '2.1.1' ],
170 silly audit   'is-fullwidth-code-point': [ '3.0.0' ],
170 silly audit   'is-generator-fn': [ '2.1.0' ],
170 silly audit   'is-glob': [ '4.0.3' ],
170 silly audit   'is-module': [ '1.0.0' ],
170 silly audit   'is-negative-zero': [ '2.0.2' ],
170 silly audit   'is-number': [ '7.0.0' ],
170 silly audit   'is-number-object': [ '1.0.7' ],
170 silly audit   'is-obj': [ '1.0.1' ],
170 silly audit   'is-plain-obj': [ '3.0.0' ],
170 silly audit   'is-potential-custom-element-name': [ '1.0.1' ],
170 silly audit   'is-regex': [ '1.1.4' ],
170 silly audit   'is-regexp': [ '1.0.0' ],
170 silly audit   'is-root': [ '2.1.0' ],
170 silly audit   'is-shared-array-buffer': [ '1.0.2' ],
170 silly audit   'is-stream': [ '2.0.1' ],
170 silly audit   'is-string': [ '1.0.7' ],
170 silly audit   'is-symbol': [ '1.0.4' ],
170 silly audit   'is-typedarray': [ '1.0.0' ],
170 silly audit   'is-weakref': [ '1.0.2' ],
170 silly audit   'is-wsl': [ '2.2.0' ],
170 silly audit   isarray: [ '1.0.0' ],
170 silly audit   isexe: [ '2.0.0' ],
170 silly audit   'istanbul-lib-coverage': [ '3.2.0' ],
170 silly audit   'istanbul-lib-instrument': [ '5.1.0' ],
170 silly audit   'istanbul-lib-report': [ '3.0.0' ],
170 silly audit   'istanbul-lib-source-maps': [ '4.0.1' ],
170 silly audit   'istanbul-reports': [ '3.1.4' ],
170 silly audit   jake: [ '10.8.4' ],
170 silly audit   jest: [ '27.5.1' ],
170 silly audit   'jest-changed-files': [ '27.5.1' ],
170 silly audit   'jest-circus': [ '27.5.1' ],
170 silly audit   'jest-cli': [ '27.5.1' ],
170 silly audit   'jest-config': [ '27.5.1' ],
170 silly audit   'jest-diff': [ '27.5.1' ],
170 silly audit   'jest-docblock': [ '27.5.1' ],
170 silly audit   'jest-each': [ '27.5.1' ],
170 silly audit   'jest-environment-jsdom': [ '27.5.1' ],
170 silly audit   'jest-environment-node': [ '27.5.1' ],
170 silly audit   'jest-get-type': [ '27.5.1' ],
170 silly audit   'jest-haste-map': [ '27.5.1' ],
170 silly audit   'jest-jasmine2': [ '27.5.1' ],
170 silly audit   'jest-leak-detector': [ '27.5.1' ],
170 silly audit   'jest-matcher-utils': [ '27.5.1' ],
170 silly audit   'jest-message-util': [ '27.5.1' ],
170 silly audit   'jest-mock': [ '27.5.1' ],
170 silly audit   'jest-pnp-resolver': [ '1.2.2' ],
170 silly audit   'jest-regex-util': [ '27.5.1' ],
170 silly audit   'jest-resolve': [ '27.5.1' ],
170 silly audit   'jest-resolve-dependencies': [ '27.5.1' ],
170 silly audit   'jest-runner': [ '27.5.1' ],
170 silly audit   'jest-runtime': [ '27.5.1' ],
170 silly audit   'jest-serializer': [ '27.5.1' ],
170 silly audit   'jest-snapshot': [ '27.5.1' ],
170 silly audit   'jest-util': [ '27.5.1' ],
170 silly audit   'jest-validate': [ '27.5.1' ],
170 silly audit   'jest-watch-typeahead': [ '1.0.0' ],
170 silly audit   slash: [ '4.0.0', '3.0.0' ],
170 silly audit   'string-length': [ '5.0.1', '4.0.2' ],
170 silly audit   'strip-ansi': [ '7.0.1', '6.0.1' ],
170 silly audit   'jest-watcher': [ '27.5.1' ],
170 silly audit   'jest-worker': [ '27.5.1', '26.6.2' ],
170 silly audit   'js-tokens': [ '4.0.0' ],
170 silly audit   jsdom: [ '16.7.0' ],
170 silly audit   jsesc: [ '2.5.2', '0.5.0' ],
170 silly audit   'json-parse-better-errors': [ '1.0.2' ],
170 silly audit   'json-parse-even-better-errors': [ '2.3.1' ],
170 silly audit   'json-schema': [ '0.4.0' ],
170 silly audit   'json-stable-stringify-without-jsonify': [ '1.0.1' ],
170 silly audit   json5: [ '2.2.1', '1.0.1' ],
170 silly audit   jsonfile: [ '6.1.0' ],
170 silly audit   jsonpointer: [ '5.0.0' ],
170 silly audit   'jsx-ast-utils': [ '3.2.2' ],
170 silly audit   'kind-of': [ '6.0.3' ],
170 silly audit   kleur: [ '3.0.3' ],
170 silly audit   klona: [ '2.0.5' ],
170 silly audit   'language-subtag-registry': [ '0.3.21' ],
170 silly audit   'language-tags': [ '1.0.5' ],
170 silly audit   leven: [ '3.1.0' ],
170 silly audit   lilconfig: [ '2.0.5' ],
170 silly audit   'lines-and-columns': [ '1.2.4' ],
170 silly audit   'loader-runner': [ '4.2.0' ],
170 silly audit   'loader-utils': [ '2.0.2', '3.2.0' ],
170 silly audit   lodash: [ '4.17.21' ],
170 silly audit   'lodash.debounce': [ '4.0.8' ],
170 silly audit   'lodash.memoize': [ '4.1.2' ],
170 silly audit   'lodash.merge': [ '4.6.2' ],
170 silly audit   'lodash.sortby': [ '4.7.0' ],
170 silly audit   'lodash.uniq': [ '4.5.0' ],
170 silly audit   'loose-envify': [ '1.4.0' ],
170 silly audit   'lower-case': [ '2.0.2' ],
170 silly audit   'lru-cache': [ '7.8.0' ],
170 silly audit   'lz-string': [ '1.4.4' ],
170 silly audit   'magic-string': [ '0.25.9' ],
170 silly audit   'make-dir': [ '3.1.0' ],
170 silly audit   makeerror: [ '1.0.12' ],
170 silly audit   'media-typer': [ '0.3.0' ],
170 silly audit   memfs: [ '3.4.1' ],
170 silly audit   'merge-descriptors': [ '1.0.1' ],
170 silly audit   'merge-stream': [ '2.0.0' ],
170 silly audit   merge2: [ '1.4.1' ],
170 silly audit   methods: [ '1.1.2' ],
170 silly audit   micromatch: [ '4.0.5' ],
170 silly audit   mime: [ '1.6.0' ],
170 silly audit   'mime-db': [ '1.52.0' ],
170 silly audit   'mime-types': [ '2.1.35' ],
170 silly audit   'mimic-fn': [ '2.1.0' ],
170 silly audit   'min-indent': [ '1.0.1' ],
170 silly audit   'mini-css-extract-plugin': [ '2.6.0' ],
170 silly audit   'minimalistic-assert': [ '1.0.1' ],
170 silly audit   minimatch: [ '3.1.2', '3.0.4' ],
170 silly audit   minimist: [ '1.2.6' ],
170 silly audit   mkdirp: [ '0.5.6' ],
170 silly audit   'multicast-dns': [ '7.2.4' ],
170 silly audit   nanoid: [ '3.3.2' ],
170 silly audit   'natural-compare': [ '1.4.0' ],
170 silly audit   negotiator: [ '0.6.3' ],
170 silly audit   'neo-async': [ '2.6.2' ],
170 silly audit   'no-case': [ '3.0.4' ],
170 silly audit   'node-forge': [ '1.3.1' ],
170 silly audit   'node-int64': [ '0.4.0' ],
170 silly audit   'node-releases': [ '2.0.2' ],
170 silly audit   'normalize-path': [ '3.0.0' ],
170 silly audit   'normalize-range': [ '0.1.2' ],
170 silly audit   'normalize-url': [ '6.1.0' ],
170 silly audit   'npm-run-path': [ '4.0.1' ],
170 silly audit   'nth-check': [ '2.0.1', '1.0.2' ],
170 silly audit   nwsapi: [ '2.2.0' ],
170 silly audit   'object-assign': [ '4.1.1' ],
170 silly audit   'object-hash': [ '2.2.0' ],
170 silly audit   'object-inspect': [ '1.12.0' ],
170 silly audit   'object-keys': [ '1.1.1' ],
170 silly audit   'object.assign': [ '4.1.2' ],
170 silly audit   'object.entries': [ '1.1.5' ],
170 silly audit   'object.fromentries': [ '2.0.5' ],
170 silly audit   'object.getownpropertydescriptors': [ '2.1.3' ],
170 silly audit   'object.hasown': [ '1.1.0' ],
170 silly audit   'object.values': [ '1.1.5' ],
170 silly audit   obuf: [ '1.1.2' ],
170 silly audit   'on-finished': [ '2.3.0' ],
170 silly audit   'on-headers': [ '1.0.2' ],
170 silly audit   once: [ '1.4.0' ],
170 silly audit   onetime: [ '5.1.2' ],
170 silly audit   open: [ '8.4.0' ],
170 silly audit   'p-retry': [ '4.6.1' ],
170 silly audit   'param-case': [ '3.0.4' ],
170 silly audit   'parent-module': [ '1.0.1' ],
170 silly audit   'parse-json': [ '5.2.0' ],
170 silly audit   parse5: [ '6.0.1' ],
170 silly audit   parseurl: [ '1.3.3' ],
170 silly audit   'pascal-case': [ '3.1.2' ],
170 silly audit   'path-is-absolute': [ '1.0.1' ],
170 silly audit   'path-key': [ '3.1.1' ],
170 silly audit   'path-parse': [ '1.0.7' ],
170 silly audit   'path-to-regexp': [ '0.1.7' ],
170 silly audit   'path-type': [ '4.0.0' ],
170 silly audit   'performance-now': [ '2.1.0' ],
170 silly audit   picocolors: [ '1.0.0', '0.2.1' ],
170 silly audit   picomatch: [ '2.3.1' ],
170 silly audit   pirates: [ '4.0.5' ],
170 silly audit   'pkg-dir': [ '4.2.0' ],
170 silly audit   'pkg-up': [ '3.1.0' ],
170 silly audit   portfinder: [ '1.0.28' ],
170 silly audit   postcss: [ '8.4.12', '7.0.39' ],
170 silly audit   'postcss-attribute-case-insensitive': [ '5.0.0' ],
170 silly audit   'postcss-browser-comments': [ '4.0.0' ],
170 silly audit   'postcss-calc': [ '8.2.4' ],
170 silly audit   'postcss-clamp': [ '4.1.0' ],
170 silly audit   'postcss-color-functional-notation': [ '4.2.2' ],
170 silly audit   'postcss-color-hex-alpha': [ '8.0.3' ],
170 silly audit   'postcss-color-rebeccapurple': [ '7.0.2' ],
170 silly audit   'postcss-colormin': [ '5.3.0' ],
170 silly audit   'postcss-convert-values': [ '5.1.0' ],
170 silly audit   'postcss-custom-media': [ '8.0.0' ],
170 silly audit   'postcss-custom-properties': [ '12.1.7' ],
170 silly audit   'postcss-custom-selectors': [ '6.0.0' ],
170 silly audit   'postcss-dir-pseudo-class': [ '6.0.4' ],
170 silly audit   'postcss-discard-comments': [ '5.1.1' ],
170 silly audit   'postcss-discard-duplicates': [ '5.1.0' ],
170 silly audit   'postcss-discard-empty': [ '5.1.1' ],
170 silly audit   'postcss-discard-overridden': [ '5.1.0' ],
170 silly audit   'postcss-double-position-gradients': [ '3.1.1' ],
170 silly audit   'postcss-env-function': [ '4.0.6' ],
170 silly audit   'postcss-flexbugs-fixes': [ '5.0.2' ],
170 silly audit   'postcss-focus-visible': [ '6.0.4' ],
170 silly audit   'postcss-focus-within': [ '5.0.4' ],
170 silly audit   'postcss-font-variant': [ '5.0.0' ],
170 silly audit   'postcss-gap-properties': [ '3.0.3' ],
170 silly audit   'postcss-image-set-function': [ '4.0.6' ],
170 silly audit   'postcss-initial': [ '4.0.1' ],
170 silly audit   'postcss-js': [ '4.0.0' ],
170 silly audit   'postcss-lab-function': [ '4.2.0' ],
170 silly audit   'postcss-load-config': [ '3.1.4' ],
170 silly audit   'postcss-loader': [ '6.2.1' ],
170 silly audit   'postcss-logical': [ '5.0.4' ],
170 silly audit   'postcss-media-minmax': [ '5.0.0' ],
170 silly audit   'postcss-merge-longhand': [ '5.1.4' ],
170 silly audit   'postcss-merge-rules': [ '5.1.1' ],
170 silly audit   'postcss-minify-font-values': [ '5.1.0' ],
170 silly audit   'postcss-minify-gradients': [ '5.1.1' ],
170 silly audit   'postcss-minify-params': [ '5.1.2' ],
170 silly audit   'postcss-minify-selectors': [ '5.2.0' ],
170 silly audit   'postcss-modules-extract-imports': [ '3.0.0' ],
170 silly audit   'postcss-modules-local-by-default': [ '4.0.0' ],
170 silly audit   'postcss-modules-scope': [ '3.0.0' ],
170 silly audit   'postcss-modules-values': [ '4.0.0' ],
170 silly audit   'postcss-nested': [ '5.0.6' ],
170 silly audit   'postcss-nesting': [ '10.1.4' ],
170 silly audit   'postcss-normalize': [ '10.0.1' ],
170 silly audit   'postcss-normalize-charset': [ '5.1.0' ],
170 silly audit   'postcss-normalize-display-values': [ '5.1.0' ],
170 silly audit   'postcss-normalize-positions': [ '5.1.0' ],
170 silly audit   'postcss-normalize-repeat-style': [ '5.1.0' ],
170 silly audit   'postcss-normalize-string': [ '5.1.0' ],
170 silly audit   'postcss-normalize-timing-functions': [ '5.1.0' ],
170 silly audit   'postcss-normalize-unicode': [ '5.1.0' ],
170 silly audit   'postcss-normalize-url': [ '5.1.0' ],
170 silly audit   'postcss-normalize-whitespace': [ '5.1.1' ],
170 silly audit   'postcss-opacity-percentage': [ '1.1.2' ],
170 silly audit   'postcss-ordered-values': [ '5.1.1' ],
170 silly audit   'postcss-overflow-shorthand': [ '3.0.3' ],
170 silly audit   'postcss-page-break': [ '3.0.4' ],
170 silly audit   'postcss-place': [ '7.0.4' ],
170 silly audit   'postcss-preset-env': [ '7.4.3' ],
170 silly audit   'postcss-pseudo-class-any-link': [ '7.1.2' ],
170 silly audit   'postcss-reduce-initial': [ '5.1.0' ],
170 silly audit   'postcss-reduce-transforms': [ '5.1.0' ],
170 silly audit   'postcss-replace-overflow-wrap': [ '4.0.0' ],
170 silly audit   'postcss-selector-not': [ '5.0.0' ],
170 silly audit   'postcss-selector-parser': [ '6.0.10' ],
170 silly audit   'postcss-svgo': [ '5.1.0' ],
170 silly audit   svgo: [ '2.8.0', '1.3.2' ],
170 silly audit   'postcss-unique-selectors': [ '5.1.1' ],
170 silly audit   'postcss-value-parser': [ '4.2.0' ],
170 silly audit   'pretty-bytes': [ '5.6.0' ],
170 silly audit   'pretty-error': [ '4.0.0' ],
170 silly audit   'pretty-format': [ '27.5.1' ],
170 silly audit   'process-nextick-args': [ '2.0.1' ],
170 silly audit   promise: [ '8.1.0' ],
170 silly audit   prompts: [ '2.4.2' ],
170 silly audit   'prop-types': [ '15.8.1' ],
170 silly audit   'proxy-addr': [ '2.0.7' ],
170 silly audit   psl: [ '1.8.0' ],
170 silly audit   punycode: [ '2.1.1' ],
170 silly audit   q: [ '1.5.1' ],
170 silly audit   qs: [ '6.9.7' ],
170 silly audit   'queue-microtask': [ '1.2.3' ],
170 silly audit   'quick-lru': [ '5.1.1' ],
170 silly audit   raf: [ '3.4.1' ],
170 silly audit   randombytes: [ '2.1.0' ],
170 silly audit   'range-parser': [ '1.2.1' ],
170 silly audit   'raw-body': [ '2.4.3' ],
170 silly audit   react: [ '18.0.0' ],
170 silly audit   'react-app-polyfill': [ '3.0.0' ],
170 silly audit   'react-dev-utils': [ '12.0.0' ],
170 silly audit   'react-dom': [ '18.0.0' ],
170 silly audit   'react-error-overlay': [ '6.0.10' ],
170 silly audit   'react-refresh': [ '0.11.0' ],
170 silly audit   'react-scripts': [ '5.0.0' ],
170 silly audit   readdirp: [ '3.6.0' ],
170 silly audit   'recursive-readdir': [ '2.2.2' ],
170 silly audit   redent: [ '3.0.0' ],
170 silly audit   regenerate: [ '1.4.2' ],
170 silly audit   'regenerate-unicode-properties': [ '10.0.1' ],
170 silly audit   'regenerator-runtime': [ '0.13.9' ],
170 silly audit   'regenerator-transform': [ '0.15.0' ],
170 silly audit   'regex-parser': [ '2.2.11' ],
170 silly audit   'regexp.prototype.flags': [ '1.4.1' ],
170 silly audit   regexpp: [ '3.2.0' ],
170 silly audit   'regexpu-core': [ '5.0.1' ],
170 silly audit   regjsgen: [ '0.6.0' ],
170 silly audit   regjsparser: [ '0.8.4' ],
170 silly audit   relateurl: [ '0.2.7' ],
170 silly audit   renderkid: [ '3.0.0' ],
170 silly audit   'require-directory': [ '2.1.1' ],
170 silly audit   'require-from-string': [ '2.0.2' ],
170 silly audit   'requires-port': [ '1.0.0' ],
170 silly audit   'resolve-cwd': [ '3.0.0' ],
170 silly audit   'resolve-url-loader': [ '4.0.0' ],
170 silly audit   'resolve.exports': [ '1.1.0' ],
170 silly audit   retry: [ '0.13.1' ],
170 silly audit   reusify: [ '1.0.4' ],
170 silly audit   rimraf: [ '3.0.2' ],
170 silly audit   rollup: [ '2.70.1' ],
170 silly audit   'rollup-plugin-terser': [ '7.0.2' ],
170 silly audit   'serialize-javascript': [ '4.0.0', '6.0.0' ],
170 silly audit   'run-parallel': [ '1.2.0' ],
170 silly audit   'safer-buffer': [ '2.1.2' ],
170 silly audit   'sanitize.css': [ '13.0.0' ],
170 silly audit   'sass-loader': [ '12.6.0' ],
170 silly audit   sax: [ '1.2.4' ],
170 silly audit   saxes: [ '5.0.1' ],
170 silly audit   scheduler: [ '0.21.0' ],
170 silly audit   'select-hose': [ '2.0.0' ],
170 silly audit   selfsigned: [ '2.0.1' ],
170 silly audit   send: [ '0.17.2' ],
170 silly audit   'serve-index': [ '1.9.1' ],
170 silly audit   setprototypeof: [ '1.1.0', '1.2.0' ],
170 silly audit   'serve-static': [ '1.14.2' ],
170 silly audit   shallowequal: [ '1.1.0' ],
170 silly audit   'shebang-command': [ '2.0.0' ],
170 silly audit   'shebang-regex': [ '3.0.0' ],
170 silly audit   'shell-quote': [ '1.7.3' ],
170 silly audit   'side-channel': [ '1.0.4' ],
170 silly audit   'signal-exit': [ '3.0.7' ],
170 silly audit   sisteransi: [ '1.0.5' ],
170 silly audit   sockjs: [ '0.3.24' ],
170 silly audit   'source-list-map': [ '2.0.1' ],
170 silly audit   'source-map-js': [ '1.0.2' ],
170 silly audit   'source-map-loader': [ '3.0.1' ],
170 silly audit   'source-map-resolve': [ '0.6.0' ],
170 silly audit   'source-map-support': [ '0.5.21' ],
170 silly audit   'sourcemap-codec': [ '1.4.8' ],
170 silly audit   spdy: [ '4.0.2' ],
170 silly audit   'spdy-transport': [ '3.0.0' ],
170 silly audit   'sprintf-js': [ '1.0.3' ],
170 silly audit   stable: [ '0.1.8' ],
170 silly audit   'stack-utils': [ '2.0.5' ],
170 silly audit   stackframe: [ '1.2.1' ],
170 silly audit   statuses: [ '1.5.0' ],
170 silly audit   'string-natural-compare': [ '3.0.1' ],
170 silly audit   'string-width': [ '4.2.3' ],
170 silly audit   'string.prototype.matchall': [ '4.0.7' ],
170 silly audit   'string.prototype.trimend': [ '1.0.4' ],
170 silly audit   'string.prototype.trimstart': [ '1.0.4' ],
170 silly audit   'stringify-object': [ '3.3.0' ],
170 silly audit   'strip-bom': [ '4.0.0', '3.0.0' ],
170 silly audit   'strip-comments': [ '2.0.1' ],
170 silly audit   'strip-final-newline': [ '2.0.0' ],
170 silly audit   'strip-indent': [ '3.0.0' ],
170 silly audit   'strip-json-comments': [ '3.1.1' ],
170 silly audit   'style-loader': [ '3.3.1' ],
170 silly audit   'styled-components': [ '5.3.5' ],
170 silly audit   stylehacks: [ '5.1.0' ],
170 silly audit   'supports-hyperlinks': [ '2.2.0' ],
170 silly audit   'supports-preserve-symlinks-flag': [ '1.0.0' ],
170 silly audit   'svg-parser': [ '2.0.4' ],
170 silly audit   'symbol-tree': [ '3.2.4' ],
170 silly audit   tailwindcss: [ '3.0.23' ],
170 silly audit   'temp-dir': [ '2.0.0' ],
170 silly audit   tempy: [ '0.6.0' ],
170 silly audit   'terminal-link': [ '2.1.1' ],
170 silly audit   terser: [ '5.12.1' ],
170 silly audit   'terser-webpack-plugin': [ '5.3.1' ],
170 silly audit   'test-exclude': [ '6.0.0' ],
170 silly audit   'text-table': [ '0.2.0' ],
170 silly audit   throat: [ '6.0.1' ],
170 silly audit   thunky: [ '1.1.0' ],
170 silly audit   tmpl: [ '1.0.5' ],
170 silly audit   'to-fast-properties': [ '2.0.0' ],
170 silly audit   'to-regex-range': [ '5.0.1' ],
170 silly audit   toidentifier: [ '1.0.1' ],
170 silly audit   'tough-cookie': [ '4.0.0' ],
170 silly audit   universalify: [ '0.1.2', '2.0.0' ],
170 silly audit   tr46: [ '2.1.0', '1.0.1' ],
170 silly audit   tryer: [ '1.0.1' ],
170 silly audit   'tsconfig-paths': [ '3.14.1' ],
170 silly audit   tslib: [ '2.3.1', '1.14.1' ],
170 silly audit   tsutils: [ '3.21.0' ],
170 silly audit   'type-detect': [ '4.0.8' ],
170 silly audit   'type-is': [ '1.6.18' ],
170 silly audit   'typedarray-to-buffer': [ '3.1.5' ],
170 silly audit   typescript: [ '4.6.3' ],
170 silly audit   'unbox-primitive': [ '1.0.1' ],
170 silly audit   'unicode-canonical-property-names-ecmascript': [ '2.0.0' ],
170 silly audit   'unicode-match-property-ecmascript': [ '2.0.0' ],
170 silly audit   'unicode-match-property-value-ecmascript': [ '2.0.0' ],
170 silly audit   'unicode-property-aliases-ecmascript': [ '2.0.0' ],
170 silly audit   'unique-string': [ '2.0.0' ],
170 silly audit   unpipe: [ '1.0.0' ],
170 silly audit   unquote: [ '1.1.1' ],
170 silly audit   upath: [ '1.2.0' ],
170 silly audit   'uri-js': [ '4.4.1' ],
170 silly audit   'util-deprecate': [ '1.0.2' ],
170 silly audit   'util.promisify': [ '1.0.1' ],
170 silly audit   utila: [ '0.4.0' ],
170 silly audit   'utils-merge': [ '1.0.1' ],
170 silly audit   uuid: [ '8.3.2' ],
170 silly audit   'v8-compile-cache': [ '2.3.0' ],
170 silly audit   'v8-to-istanbul': [ '8.1.1' ],
170 silly audit   vary: [ '1.1.2' ],
170 silly audit   'w3c-hr-time': [ '1.0.2' ],
170 silly audit   'w3c-xmlserializer': [ '2.0.0' ],
170 silly audit   walker: [ '1.0.8' ],
170 silly audit   watchpack: [ '2.3.1' ],
170 silly audit   wbuf: [ '1.7.3' ],
170 silly audit   'web-vitals': [ '2.1.4' ],
170 silly audit   webpack: [ '5.72.0' ],
170 silly audit   'webpack-dev-middleware': [ '5.3.1' ],
170 silly audit   'webpack-dev-server': [ '4.8.1' ],
170 silly audit   ws: [ '8.5.0', '7.5.7' ],
170 silly audit   'webpack-manifest-plugin': [ '4.1.1' ],
170 silly audit   'webpack-sources': [ '2.3.1', '3.2.3', '1.4.3' ],
170 silly audit   'websocket-driver': [ '0.7.4' ],
170 silly audit   'websocket-extensions': [ '0.1.4' ],
170 silly audit   'whatwg-encoding': [ '1.0.5' ],
170 silly audit   'whatwg-fetch': [ '3.6.2' ],
170 silly audit   'whatwg-mimetype': [ '2.3.0' ],
170 silly audit   'whatwg-url': [ '8.7.0', '7.1.0' ],
170 silly audit   'which-boxed-primitive': [ '1.0.2' ],
170 silly audit   'word-wrap': [ '1.2.3' ],
170 silly audit   'workbox-background-sync': [ '6.5.2' ],
170 silly audit   'workbox-broadcast-update': [ '6.5.2' ],
170 silly audit   'workbox-build': [ '6.5.2' ],
170 silly audit   '@apideck/better-ajv-errors': [ '0.3.3' ],
170 silly audit   'workbox-cacheable-response': [ '6.5.2' ],
170 silly audit   'workbox-core': [ '6.5.2' ],
170 silly audit   'workbox-expiration': [ '6.5.2' ],
170 silly audit   'workbox-google-analytics': [ '6.5.2' ],
170 silly audit   'workbox-navigation-preload': [ '6.5.2' ],
170 silly audit   'workbox-precaching': [ '6.5.2' ],
170 silly audit   'workbox-range-requests': [ '6.5.2' ],
170 silly audit   'workbox-recipes': [ '6.5.2' ],
170 silly audit   'workbox-routing': [ '6.5.2' ],
170 silly audit   'workbox-strategies': [ '6.5.2' ],
170 silly audit   'workbox-streams': [ '6.5.2' ],
170 silly audit   'workbox-sw': [ '6.5.2' ],
170 silly audit   'workbox-webpack-plugin': [ '6.5.2' ],
170 silly audit   'workbox-window': [ '6.5.2' ],
170 silly audit   'wrap-ansi': [ '7.0.0' ],
170 silly audit   wrappy: [ '1.0.2' ],
170 silly audit   'write-file-atomic': [ '3.0.3' ],
170 silly audit   'xml-name-validator': [ '3.0.0' ],
170 silly audit   xmlchars: [ '2.2.0' ],
170 silly audit   xtend: [ '4.0.2' ],
170 silly audit   y18n: [ '5.0.8' ],
170 silly audit   yaml: [ '1.10.2' ],
170 silly audit   yargs: [ '16.2.0' ],
170 silly audit   'yargs-parser': [ '20.2.9' ],
170 silly audit   'yocto-queue': [ '0.1.0' ],
170 silly audit   '@emotion/react': [ '11.9.0' ],
170 silly audit   '@emotion/styled': [ '11.8.1' ],
170 silly audit   '@mui/material': [ '5.6.0' ],
170 silly audit   '@emotion/babel-plugin': [ '11.7.2' ],
170 silly audit   '@emotion/cache': [ '11.7.1' ],
170 silly audit   '@emotion/serialize': [ '1.0.3' ],
170 silly audit   '@emotion/utils': [ '1.1.0' ],
170 silly audit   '@emotion/weak-memoize': [ '0.2.5' ],
170 silly audit   '@emotion/hash': [ '0.8.0' ],
170 silly audit   'find-root': [ '1.1.0' ],
170 silly audit   stylis: [ '4.0.13' ],
170 silly audit   '@emotion/sheet': [ '1.1.0' ],
170 silly audit   '@mui/base': [ '5.0.0-alpha.75' ],
170 silly audit   '@mui/system': [ '5.6.0' ],
170 silly audit   '@mui/types': [ '7.1.3' ],
170 silly audit   '@mui/utils': [ '5.6.0' ],
170 silly audit   '@types/react-transition-group': [ '4.4.4' ],
170 silly audit   clsx: [ '1.1.1' ],
170 silly audit   'react-transition-group': [ '4.4.2' ],
170 silly audit   '@popperjs/core': [ '2.11.5' ],
170 silly audit   '@mui/private-theming': [ '5.6.0' ],
170 silly audit   '@mui/styled-engine': [ '5.6.0' ],
170 silly audit   '@types/react-is': [ '17.0.3' ],
170 silly audit   'dom-helpers': [ '5.2.1' ]
170 silly audit }
171 verbose reify failed optional dependency C:\Users\Mithat Kara\OneDrive\Masaüstü\React-Projeler\e-commerce\node_modules\fsevents
172 silly reify mark deleted [
172 silly reify   'C:\\Users\\Mithat Kara\\OneDrive\\Masaüstü\\React-Projeler\\e-commerce\\node_modules\\fsevents'
172 silly reify ]
173 timing reifyNode:node_modules/fsevents Completed in 5ms
174 silly tarball no local data for @types/react-is@https://registry.npmjs.org/@types/react-is/-/react-is-17.0.3.tgz. Extracting by manifest.
175 silly tarball no local data for @mui/private-theming@https://registry.npmjs.org/@mui/private-theming/-/private-theming-5.6.0.tgz. Extracting by manifest.
176 silly tarball no local data for dom-helpers@https://registry.npmjs.org/dom-helpers/-/dom-helpers-5.2.1.tgz. Extracting by manifest.
177 silly tarball no local data for @mui/styled-engine@https://registry.npmjs.org/@mui/styled-engine/-/styled-engine-5.6.0.tgz. Extracting by manifest.
178 silly tarball no local data for clsx@https://registry.npmjs.org/clsx/-/clsx-1.1.1.tgz. Extracting by manifest.
179 silly tarball no local data for @popperjs/core@https://registry.npmjs.org/@popperjs/core/-/core-2.11.5.tgz. Extracting by manifest.
180 silly tarball no local data for react-transition-group@https://registry.npmjs.org/react-transition-group/-/react-transition-group-4.4.2.tgz. Extracting by manifest.
181 silly tarball no local data for @types/react-transition-group@https://registry.npmjs.org/@types/react-transition-group/-/react-transition-group-4.4.4.tgz. Extracting by manifest.
182 silly tarball no local data for @mui/utils@https://registry.npmjs.org/@mui/utils/-/utils-5.6.0.tgz. Extracting by manifest.
183 silly tarball no local data for @mui/types@https://registry.npmjs.org/@mui/types/-/types-7.1.3.tgz. Extracting by manifest.
184 silly tarball no local data for @emotion/sheet@https://registry.npmjs.org/@emotion/sheet/-/sheet-1.1.0.tgz. Extracting by manifest.
185 silly tarball no local data for @mui/system@https://registry.npmjs.org/@mui/system/-/system-5.6.0.tgz. Extracting by manifest.
186 silly tarball no local data for @mui/base@https://registry.npmjs.org/@mui/base/-/base-5.0.0-alpha.75.tgz. Extracting by manifest.
187 silly tarball no local data for find-root@https://registry.npmjs.org/find-root/-/find-root-1.1.0.tgz. Extracting by manifest.
188 silly tarball no local data for stylis@https://registry.npmjs.org/stylis/-/stylis-4.0.13.tgz. Extracting by manifest.
189 silly tarball no local data for @emotion/hash@https://registry.npmjs.org/@emotion/hash/-/hash-0.8.0.tgz. Extracting by manifest.
190 silly tarball no local data for @emotion/weak-memoize@https://registry.npmjs.org/@emotion/weak-memoize/-/weak-memoize-0.2.5.tgz. Extracting by manifest.
191 silly tarball no local data for @emotion/utils@https://registry.npmjs.org/@emotion/utils/-/utils-1.1.0.tgz. Extracting by manifest.
192 silly tarball no local data for @emotion/cache@https://registry.npmjs.org/@emotion/cache/-/cache-11.7.1.tgz. Extracting by manifest.
193 silly tarball no local data for @emotion/serialize@https://registry.npmjs.org/@emotion/serialize/-/serialize-1.0.3.tgz. Extracting by manifest.
194 silly tarball no local data for @mui/material@https://registry.npmjs.org/@mui/material/-/material-5.6.0.tgz. Extracting by manifest.
195 silly tarball no local data for @emotion/babel-plugin@https://registry.npmjs.org/@emotion/babel-plugin/-/babel-plugin-11.7.2.tgz. Extracting by manifest.
196 silly tarball no local data for cosmiconfig@https://registry.npmjs.org/cosmiconfig/-/cosmiconfig-6.0.0.tgz. Extracting by manifest.
197 silly tarball no local data for @emotion/react@https://registry.npmjs.org/@emotion/react/-/react-11.9.0.tgz. Extracting by manifest.
198 silly tarball no local data for @emotion/styled@https://registry.npmjs.org/@emotion/styled/-/styled-11.8.1.tgz. Extracting by manifest.
199 silly tarball no local data for escape-string-regexp@https://registry.npmjs.org/escape-string-regexp/-/escape-string-regexp-4.0.0.tgz. Extracting by manifest.
200 silly tarball no local data for babel-plugin-macros@https://registry.npmjs.org/babel-plugin-macros/-/babel-plugin-macros-2.8.0.tgz. Extracting by manifest.
201 http fetch GET 200 https://registry.npmjs.org/clsx/-/clsx-1.1.1.tgz 236ms (cache miss)
202 http fetch GET 200 https://registry.npmjs.org/@types/react-is/-/react-is-17.0.3.tgz 252ms (cache miss)
203 timing reifyNode:node_modules/@types/react-is Completed in 266ms
204 timing reifyNode:node_modules/clsx Completed in 296ms
205 http fetch GET 200 https://registry.npmjs.org/@types/react-transition-group/-/react-transition-group-4.4.4.tgz 313ms (cache miss)
206 timing reifyNode:node_modules/@types/react-transition-group Completed in 343ms
207 http fetch GET 200 https://registry.npmjs.org/@emotion/weak-memoize/-/weak-memoize-0.2.5.tgz 294ms (cache miss)
208 http fetch GET 200 https://registry.npmjs.org/@emotion/hash/-/hash-0.8.0.tgz 310ms (cache miss)
209 http fetch GET 200 https://registry.npmjs.org/@mui/types/-/types-7.1.3.tgz 394ms (cache miss)
210 timing reifyNode:node_modules/@mui/types Completed in 429ms
211 http fetch GET 200 https://registry.npmjs.org/find-root/-/find-root-1.1.0.tgz 390ms (cache miss)
212 timing reifyNode:node_modules/find-root Completed in 432ms
213 http fetch GET 200 https://registry.npmjs.org/escape-string-regexp/-/escape-string-regexp-4.0.0.tgz 355ms (cache miss)
214 timing reifyNode:node_modules/@emotion/babel-plugin/node_modules/escape-string-regexp Completed in 449ms
215 http fetch GET 200 https://registry.npmjs.org/@emotion/sheet/-/sheet-1.1.0.tgz 431ms (cache miss)
216 timing reifyNode:node_modules/@emotion/sheet Completed in 467ms
217 http fetch GET 200 https://registry.npmjs.org/babel-plugin-macros/-/babel-plugin-macros-2.8.0.tgz 377ms (cache miss)
218 timing reifyNode:node_modules/@emotion/babel-plugin/node_modules/babel-plugin-macros Completed in 477ms
219 http fetch GET 200 https://registry.npmjs.org/@emotion/serialize/-/serialize-1.0.3.tgz 421ms (cache miss)
220 timing reifyNode:node_modules/@emotion/serialize Completed in 483ms
221 timing reifyNode:node_modules/@emotion/hash Completed in 494ms
222 timing reifyNode:node_modules/@emotion/weak-memoize Completed in 494ms
223 http fetch GET 200 https://registry.npmjs.org/@emotion/utils/-/utils-1.1.0.tgz 465ms (cache miss)
224 timing reifyNode:node_modules/@emotion/utils Completed in 518ms
225 http fetch GET 200 https://registry.npmjs.org/stylis/-/stylis-4.0.13.tgz 479ms (cache miss)
226 timing reifyNode:node_modules/stylis Completed in 528ms
227 http fetch GET 200 https://registry.npmjs.org/@mui/private-theming/-/private-theming-5.6.0.tgz 596ms (cache miss)
228 http fetch GET 200 https://registry.npmjs.org/@emotion/babel-plugin/-/babel-plugin-11.7.2.tgz 553ms (cache miss)
229 timing reifyNode:node_modules/@emotion/babel-plugin Completed in 618ms
230 timing reifyNode:node_modules/@mui/private-theming Completed in 621ms
231 http fetch GET 200 https://registry.npmjs.org/react-transition-group/-/react-transition-group-4.4.2.tgz 603ms (cache miss)
232 http fetch GET 200 https://registry.npmjs.org/@mui/styled-engine/-/styled-engine-5.6.0.tgz 615ms (cache miss)
233 timing reifyNode:node_modules/react-transition-group Completed in 635ms
234 timing reifyNode:node_modules/@mui/styled-engine Completed in 638ms
235 http fetch GET 200 https://registry.npmjs.org/cosmiconfig/-/cosmiconfig-6.0.0.tgz 587ms (cache miss)
236 timing reifyNode:node_modules/@emotion/babel-plugin/node_modules/cosmiconfig Completed in 655ms
237 http fetch GET 200 https://registry.npmjs.org/@emotion/styled/-/styled-11.8.1.tgz 574ms (cache miss)
238 timing reifyNode:node_modules/@emotion/styled Completed in 658ms
239 http fetch GET 200 https://registry.npmjs.org/@emotion/react/-/react-11.9.0.tgz 698ms (cache miss)
240 timing reifyNode:node_modules/@emotion/react Completed in 778ms
241 http fetch POST 200 https://registry.npmjs.org/-/npm/v1/security/advisories/bulk 925ms
242 timing auditReport:getReport Completed in 936ms
243 silly audit report {
243 silly audit report   'nth-check': [
243 silly audit report     {
243 silly audit report       id: 1067654,
243 silly audit report       url: 'https://github.com/advisories/GHSA-rp65-9cf3-cjxr',
243 silly audit report       title: 'Inefficient Regular Expression Complexity in nth-check',
243 silly audit report       severity: 'moderate',
243 silly audit report       vulnerable_versions: '<2.0.1',
243 silly audit report       cwe: [Array],
243 silly audit report       cvss: [Object]
243 silly audit report     }
243 silly audit report   ]
243 silly audit report }
244 timing metavuln:cache:get:security-advisory:nth-check:3k06OroJLgELuM+zLlxCn28v8PFxG7M4G0FWcdepJA8uKso4q0acHHNqZia/QUgPjIAZYPDsdUpRuAKARKSiBw== Completed in 8ms
245 http fetch GET 200 https://registry.npmjs.org/@mui/utils/-/utils-5.6.0.tgz 955ms (cache miss)
246 timing reifyNode:node_modules/@mui/utils Completed in 985ms
247 http fetch GET 200 https://registry.npmjs.org/nth-check 67ms (cache revalidated)
248 timing metavuln:packument:nth-check Completed in 68ms
249 timing metavuln:load:security-advisory:nth-check:1067654 Completed in 1ms
250 timing metavuln:calculate:security-advisory:nth-check:1067654 Completed in 69ms
251 timing metavuln:cache:get:security-advisory:css-select:vzizomWRd6M2v4gU0UEGoaekLHkD3hIj0mXfP3aMLDIu3MHlqGiGJvanbTgzgznDLl+JoCuOlcho9fkDwydzfg== Completed in 9ms
252 http fetch GET 200 https://registry.npmjs.org/@emotion/cache/-/cache-11.7.1.tgz 994ms (cache miss)
253 timing reifyNode:node_modules/@emotion/cache Completed in 1053ms
254 http fetch GET 200 https://registry.npmjs.org/css-select 76ms (cache revalidated)
255 timing metavuln:packument:css-select Completed in 78ms
256 timing metavuln:load:security-advisory:css-select:3k06OroJLgELuM+zLlxCn28v8PFxG7M4G0FWcdepJA8uKso4q0acHHNqZia/QUgPjIAZYPDsdUpRuAKARKSiBw== Completed in 0ms
257 timing metavuln:calculate:security-advisory:css-select:3k06OroJLgELuM+zLlxCn28v8PFxG7M4G0FWcdepJA8uKso4q0acHHNqZia/QUgPjIAZYPDsdUpRuAKARKSiBw== Completed in 78ms
258 timing metavuln:cache:get:security-advisory:svgo:0DIruXXuZ2ZyQO7GAIY8nnjPmA+VUxjHAdZNp9fNliVrYY6FdH4SRJ0/U8INfEZU3ifIvdJwOX2uFgIhtEZymQ== Completed in 2ms
259 http fetch GET 200 https://registry.npmjs.org/svgo 67ms (cache revalidated)
260 timing metavuln:packument:svgo Completed in 68ms
261 timing metavuln:load:security-advisory:svgo:vzizomWRd6M2v4gU0UEGoaekLHkD3hIj0mXfP3aMLDIu3MHlqGiGJvanbTgzgznDLl+JoCuOlcho9fkDwydzfg== Completed in 0ms
262 timing metavuln:calculate:security-advisory:svgo:vzizomWRd6M2v4gU0UEGoaekLHkD3hIj0mXfP3aMLDIu3MHlqGiGJvanbTgzgznDLl+JoCuOlcho9fkDwydzfg== Completed in 68ms
263 timing metavuln:cache:get:security-advisory:@svgr/plugin-svgo:GlUBfYKBe//VwBUf14INrfRzokCk3zcsH+3ooIUy4CHLIhw6Fumg3BbXbawe27Myvxd+GORUQlyxrr5/yUhmxA== Completed in 7ms
264 http fetch GET 200 https://registry.npmjs.org/@mui/system/-/system-5.6.0.tgz 1169ms (cache miss)
265 timing reifyNode:node_modules/@mui/system Completed in 1208ms
266 http fetch GET 200 https://registry.npmjs.org/dom-helpers/-/dom-helpers-5.2.1.tgz 1220ms (cache miss)
267 timing reifyNode:node_modules/dom-helpers Completed in 1239ms
268 http fetch GET 200 https://registry.npmjs.org/@svgr%2fplugin-svgo 106ms (cache revalidated)
269 timing metavuln:packument:@svgr/plugin-svgo Completed in 106ms
270 timing metavuln:load:security-advisory:@svgr/plugin-svgo:0DIruXXuZ2ZyQO7GAIY8nnjPmA+VUxjHAdZNp9fNliVrYY6FdH4SRJ0/U8INfEZU3ifIvdJwOX2uFgIhtEZymQ== Completed in 0ms
271 timing metavuln:calculate:security-advisory:@svgr/plugin-svgo:0DIruXXuZ2ZyQO7GAIY8nnjPmA+VUxjHAdZNp9fNliVrYY6FdH4SRJ0/U8INfEZU3ifIvdJwOX2uFgIhtEZymQ== Completed in 107ms
272 http fetch GET 200 https://registry.npmjs.org/@popperjs/core/-/core-2.11.5.tgz 1224ms (cache miss)
273 timing reifyNode:node_modules/@popperjs/core Completed in 1249ms
274 timing metavuln:cache:get:security-advisory:@svgr/webpack:YCKitfWJ1nvB6TcKzmMnp67mrLHbAAAQm5kP8zN6VEZCrcgCEDndX6rN4ivSubGVoFWUJF+mveALS2U5tEFlWQ== Completed in 4ms
275 http fetch GET 200 https://registry.npmjs.org/@svgr%2fwebpack 99ms (cache revalidated)
276 timing metavuln:packument:@svgr/webpack Completed in 99ms
277 timing metavuln:load:security-advisory:@svgr/webpack:GlUBfYKBe//VwBUf14INrfRzokCk3zcsH+3ooIUy4CHLIhw6Fumg3BbXbawe27Myvxd+GORUQlyxrr5/yUhmxA== Completed in 0ms
278 timing metavuln:calculate:security-advisory:@svgr/webpack:GlUBfYKBe//VwBUf14INrfRzokCk3zcsH+3ooIUy4CHLIhw6Fumg3BbXbawe27Myvxd+GORUQlyxrr5/yUhmxA== Completed in 99ms
279 timing metavuln:cache:get:security-advisory:react-scripts:TdBNC/bzy4pCMT1Mye76ROCL8weSGaq1VDvENkCWoNJDQW2J6gELIsNp1nupvqfp7BqVzBLaPUtPLtuvhUh/2g== Completed in 1ms
280 http fetch GET 200 https://registry.npmjs.org/react-scripts 69ms (cache revalidated)
281 timing metavuln:packument:react-scripts Completed in 73ms
282 timing metavuln:load:security-advisory:react-scripts:YCKitfWJ1nvB6TcKzmMnp67mrLHbAAAQm5kP8zN6VEZCrcgCEDndX6rN4ivSubGVoFWUJF+mveALS2U5tEFlWQ== Completed in 1ms
283 timing metavuln:calculate:security-advisory:react-scripts:YCKitfWJ1nvB6TcKzmMnp67mrLHbAAAQm5kP8zN6VEZCrcgCEDndX6rN4ivSubGVoFWUJF+mveALS2U5tEFlWQ== Completed in 74ms
284 timing auditReport:init Completed in 511ms
285 timing reify:audit Completed in 1448ms
286 http fetch GET 200 https://registry.npmjs.org/@mui/base/-/base-5.0.0-alpha.75.tgz 1825ms (cache miss)
287 timing reifyNode:node_modules/@mui/base Completed in 1866ms
288 http fetch GET 200 https://registry.npmjs.org/@mui/material/-/material-5.6.0.tgz 4962ms (cache miss)
289 timing reifyNode:node_modules/@mui/material Completed in 5025ms
290 timing reify:unpack Completed in 5028ms
291 timing reify:unretire Completed in 1ms
292 timing build:queue Completed in 1ms
293 timing build:deps Completed in 1ms
294 timing build Completed in 1ms
295 timing reify:build Completed in 1ms
296 timing reify:trash Completed in 1ms
297 timing reify:save Completed in 138ms
298 timing reify Completed in 9316ms
299 silly ADD node_modules/dom-helpers
300 silly ADD node_modules/@types/react-is
301 silly ADD node_modules/@mui/styled-engine
302 silly ADD node_modules/@mui/private-theming
303 silly ADD node_modules/@popperjs/core
304 silly ADD node_modules/react-transition-group
305 silly ADD node_modules/clsx
306 silly ADD node_modules/@types/react-transition-group
307 silly ADD node_modules/@mui/utils
308 silly ADD node_modules/@mui/types
309 silly ADD node_modules/@mui/system
310 silly ADD node_modules/@mui/base
311 silly ADD node_modules/@emotion/sheet
312 silly ADD node_modules/stylis
313 silly ADD node_modules/find-root
314 silly ADD node_modules/@emotion/hash
315 silly ADD node_modules/@emotion/weak-memoize
316 silly ADD node_modules/@emotion/utils
317 silly ADD node_modules/@emotion/serialize
318 silly ADD node_modules/@emotion/cache
319 silly ADD node_modules/@emotion/babel-plugin
320 silly ADD node_modules/@emotion/babel-plugin/node_modules/cosmiconfig
321 silly ADD node_modules/@emotion/babel-plugin/node_modules/escape-string-regexp
322 silly ADD node_modules/@emotion/babel-plugin/node_modules/babel-plugin-macros
323 silly ADD node_modules/@mui/material
324 silly ADD node_modules/@emotion/styled
325 silly ADD node_modules/@emotion/react
326 silly ADD
327 timing command:install Completed in 9329ms
328 verbose exit 0
329 timing npm Completed in 9418ms
330 info ok
